     1	      1 VCONFKEY_ADMIN_GCF_OFF-result.txt
     2	      1 VCONFKEY_ADMIN_GCF_ON-result.txt
     3	      1 VCONFKEY_ADMIN_INTNL_JAVA_AUTOTEST_URL-result.txt
     4	      1 VCONFKEY_ADMIN_PREFIX-result.txt
     5	      1 VCONFKEY_ADMIN_UAPROF_URL_2G-result.txt
     6	      1 VCONFKEY_ADMIN_UAPROF_URL_3G-result.txt
     7	      1 VCONFKEY_AIRCOMMAND_ENABLED-result.txt
     8	      1 VCONFKEY_ALLSHARECAST_CONNECTED-result.txt
     9	      1 VCONFKEY_ALLSHARECAST_NOT_CONNECTED-result.txt
    10	      1 VCONFKEY_ALLSHARE_CAST_STATE-result.txt
    11	      1 VCONFKEY_APPSERVICE_MMC_STATUS-result.txt
    12	      1 VCONFKEY_APPSERVICE_STATUS-result.txt
    13	      1 VCONFKEY_BROWSER_CUSTOM_USER_AGENT-result.txt
    14	      1 VCONFKEY_BROWSER_PREFIX-result.txt
    15	      1 VCONFKEY_BT_DUT_MODE_OFF-result.txt
    16	      1 VCONFKEY_BT_DUT_MODE_ON-result.txt
    17	      1 VCONFKEY_BT_FILE_VISIBLE_TIME-result.txt
    18	      1 VCONFKEY_BT_FLIGHT_MODE_DEACTIVATED-result.txt
    19	      1 VCONFKEY_BT_OFF_DUE_TO_TIMEOUT-result.txt
    20	      1 VCONFKEY_BT_POWERSAVING_MODE_DEACTIVATED-result.txt
    21	      1 VCONFKEY_BT_SCO_CONNECT-result.txt
    22	      1 VCONFKEY_BT_SCO_DISCONNECT-result.txt
    23	      1 VCONFKEY_CALL_OTA_TEST-result.txt
    24	      1 VCONFKEY_CISSAPPL_AUTO_REJECT_BOOL-result.txt
    25	      1 VCONFKEY_CISSAPPL_CALL_NOTI_POPUP_BOOL-result.txt
    26	      1 VCONFKEY_CISSAPPL_CHINA_IPCALL_CNT_IDX_INT-result.txt
    27	      1 VCONFKEY_CISSAPPL_CHINA_IPCALL_LIST1_STR-result.txt
    28	      1 VCONFKEY_CISSAPPL_CHINA_IPCALL_LIST2_STR-result.txt
    29	      1 VCONFKEY_CISSAPPL_CHINA_IPCALL_LIST3_STR-result.txt
    30	      1 VCONFKEY_CISSAPPL_CHINA_IPCALL_LIST4_STR-result.txt
    31	      1 VCONFKEY_CISSAPPL_CHINA_IPCALL_LIST5_STR-result.txt
    32	      1 VCONFKEY_CISSAPPL_CHINA_IPCALL_LIST6_STR-result.txt
    33	      1 VCONFKEY_CISSAPPL_CHINA_IPCALL_SELECTED_IDX_INT-result.txt
    34	      1 VCONFKEY_CISSAPPL_CHINA_PNL_ACCEPT_BOOL-result.txt
    35	      1 VCONFKEY_CISSAPPL_CHINA_PNL_BOOL-result.txt
    36	      1 VCONFKEY_CISSAPPL_CHINA_PNL_TESTMODE_BOOL-result.txt
    37	      1 VCONFKEY_CISSAPPL_CHINA_PNL_UPDATE_DATE_STR-result.txt
    38	      1 VCONFKEY_CISSAPPL_CHINA_PNL_UPDATE_FREQ_INT-result.txt
    39	      1 VCONFKEY_CISSAPPL_DOCOMO_ANS_MEMO_INT-result.txt
    40	      1 VCONFKEY_CISSAPPL_DOCOMO_ANS_MEMO_RING_DUR_INT-result.txt
    41	      1 VCONFKEY_CISSAPPL_DOCOMO_ANS_MEMO_SND_LANG_INT-result.txt
    42	      1 VCONFKEY_CISSAPPL_DOCOMO_MSG_NOTI_SOUND_BOOL-result.txt
    43	      1 VCONFKEY_CISSAPPL_DOCOMO_MSG_NOTI_VIB_INT-result.txt
    44	      1 VCONFKEY_CISSAPPL_FREQUENT_SIDE_INT-result.txt
    45	      1 VCONFKEY_CISSAPPL_INCALL_STATUS_POPUP_BOOL-result.txt
    46	      1 VCONFKEY_CISSAPPL_KEYPAD_TONES_BOOL-result.txt
    47	      1 VCONFKEY_CISSAPPL_MUSIC_SOUND_BOOL-result.txt
    48	      1 VCONFKEY_CISSAPPL_PREFIX-result.txt
    49	      1 VCONFKEY_CISSAPPL_VIDEO_IMAGE_PATH_STR-result.txt
    50	      1 VCONFKEY_CONTACTS_SVC_NAME_DISPLAY_ORDER_FIRSTLAST-result.txt
    51	      1 VCONFKEY_CONTACTS_SVC_NAME_DISPLAY_ORDER_LASTFIRST-result.txt
    52	      1 VCONFKEY_CONTACTS_SVC_NAME_SORTING_ORDER_FIRSTLAST-result.txt
    53	      1 VCONFKEY_CONTACTS_SVC_NAME_SORTING_ORDER_LASTFIRST-result.txt
    54	      1 VCONFKEY_CSC_SYNCMLDM_ACCNAME-result.txt
    55	      1 VCONFKEY_CSC_SYNCMLDM_AUTHTYPE-result.txt
    56	      1 VCONFKEY_CSC_SYNCMLDM_CLIENTNONCE-result.txt
    57	      1 VCONFKEY_CSC_SYNCMLDM_NBFIELD-result.txt
    58	      1 VCONFKEY_CSC_SYNCMLDM_PASSWORD-result.txt
    59	      1 VCONFKEY_CSC_SYNCMLDM_SERVADDR-result.txt
    60	      1 VCONFKEY_CSC_SYNCMLDM_SERVID-result.txt
    61	      1 VCONFKEY_CSC_SYNCMLDM_SERVNONCE-result.txt
    62	      1 VCONFKEY_CSC_SYNCMLDM_SERVPORT-result.txt
    63	      1 VCONFKEY_CSC_SYNCMLDM_SERVPWD-result.txt
    64	      1 VCONFKEY_CSC_SYNCMLDS_ADDR-result.txt
    65	      1 VCONFKEY_CSC_SYNCMLDS_AUTHNAME-result.txt
    66	      1 VCONFKEY_CSC_SYNCMLDS_AUTHPWD-result.txt
    67	      1 VCONFKEY_CSC_SYNCMLDS_CALENDAR_AUTHNAME-result.txt
    68	      1 VCONFKEY_CSC_SYNCMLDS_CALENDAR_AUTHPWD-result.txt
    69	      1 VCONFKEY_CSC_SYNCMLDS_CALENDAR_ENABLED-result.txt
    70	      1 VCONFKEY_CSC_SYNCMLDS_CALENDAR_TGTURI-result.txt
    71	      1 VCONFKEY_CSC_SYNCMLDS_CONTACTS_AUTHNAME-result.txt
    72	      1 VCONFKEY_CSC_SYNCMLDS_CONTACTS_AUTHPWD-result.txt
    73	      1 VCONFKEY_CSC_SYNCMLDS_CONTACTS_ENABLED-result.txt
    74	      1 VCONFKEY_CSC_SYNCMLDS_CONTACTS_TGTURI-result.txt
    75	      1 VCONFKEY_CSC_SYNCMLDS_MEMO_AUTHNAME-result.txt
    76	      1 VCONFKEY_CSC_SYNCMLDS_MEMO_AUTHPWD-result.txt
    77	      1 VCONFKEY_CSC_SYNCMLDS_MEMO_ENABLED-result.txt
    78	      1 VCONFKEY_CSC_SYNCMLDS_MEMO_TGTURI-result.txt
    79	      1 VCONFKEY_CSC_SYNCMLDS_NAME-result.txt
    80	      1 VCONFKEY_CSC_SYNCMLDS_NBDATASYNC-result.txt
    81	      1 VCONFKEY_CSC_SYNCMLDS_NETWORK-result.txt
    82	      1 VCONFKEY_CSC_SYNCMLDS_SYNCMODE-result.txt
    83	      1 VCONFKEY_CSC_SYNCMLDS_SYNCTYPE-result.txt
    84	      1 VCONFKEY_CSC_SYNCMLDS_VERSION-result.txt
    85	      1 VCONFKEY_DESKTOP_MODE_ENABLED_STATUS-result.txt
    86	      1 VCONFKEY_DEVICED_BOOT_POWER_ON_DONE-result.txt
    87	      1 VCONFKEY_DEVICED_BOOT_POWER_ON_NONE-result.txt
    88	      1 VCONFKEY_DEVICED_BOOT_POWER_ON_STATUS-result.txt
    89	      1 VCONFKEY_DEVICED_MOUNT_PATH_OPTION-result.txt
    90	      1 VCONFKEY_DEVICED_MOUNT_PATH_OPTION1-result.txt
    91	      1 VCONFKEY_DEVICED_MOUNT_PATH_OPTION2-result.txt
    92	      1 VCONFKEY_DEVICED_MOUNT_PATH_OPTION3-result.txt
    93	      1 VCONFKEY_DEVICED_STRING_OPTION-result.txt
    94	      1 VCONFKEY_DEVICED_STRING_OPTION1-result.txt
    95	      1 VCONFKEY_DEVICED_STRING_OPTION2-result.txt
    96	      1 VCONFKEY_DEVICED_STRING_OPTION3-result.txt
    97	      1 VCONFKEY_DOCK_EXT_SPEAKER-result.txt
    98	      1 VCONFKEY_DOCK_PACKAGE_NAME-result.txt
    99	      1 VCONFKEY_DOWNLOAD_MANAGER_DOWNLOADING-result.txt
   100	      1 VCONFKEY_DOWNLOAD_MANAGER_NONE-result.txt
   101	      1 VCONFKEY_DOWNLOAD_SERVICE_DOWNLOADING-result.txt
   102	      1 VCONFKEY_DOWNLOAD_SERVICE_NONE-result.txt
   103	      1 VCONFKEY_DR_AUTH_STATUS_AUTHORIZED-result.txt
   104	      1 VCONFKEY_DR_AUTH_STATUS_CHECK_INT-result.txt
   105	      1 VCONFKEY_DR_AUTH_STATUS_NOT_AUTHORIZED-result.txt
   106	      1 VCONFKEY_DR_OSP_SERIAL_CLOSE-result.txt
   107	      1 VCONFKEY_DR_OSP_SERIAL_OPEN-result.txt
   108	      1 VCONFKEY_DR_OSP_SERIAL_OPEN_INT-result.txt
   109	      1 VCONFKEY_DUALSIM_DATA_SERVICE_INT-result.txt
   110	      1 VCONFKEY_DUALSIM_DATA_SERVICE_OFF-result.txt
   111	      1 VCONFKEY_DUALSIM_DATA_SERVICE_SIM1-result.txt
   112	      1 VCONFKEY_DUALSIM_DATA_SERVICE_SIM2-result.txt
   113	      1 VCONFKEY_DUALSIM_VOICE_CALL_UNKNOWN-result.txt
   114	      1 VCONFKEY_FACEBOOK_SYNC_STATE-result.txt
   115	      1 VCONFKEY_FACTORY_APP_NOT_RUNNING-result.txt
   116	      1 VCONFKEY_FACTORY_APP_RUNNING-result.txt
   117	      1 VCONFKEY_FACTORY_APP_STATE-result.txt
   118	      1 VCONFKEY_FACTORY_CALL_CONNECTED-result.txt
   119	      1 VCONFKEY_FACTORY_IDLE_INFO_NOT_READY-result.txt
   120	      1 VCONFKEY_FACTORY_IDLE_INFO_READY-result.txt
   121	      1 VCONFKEY_FACTORY_IDLE_INFO_STATE-result.txt
   122	      1 VCONFKEY_FACTORY_MULFUNCF_CHARGE_TEST-result.txt
   123	      1 VCONFKEY_FACTORY_MULFUNCF_GM_GYRO-result.txt
   124	      1 VCONFKEY_FACTORY_MULFUNCF_HALL_IC-result.txt
   125	      1 VCONFKEY_FACTORY_MULFUNCF_HDMI_START-result.txt
   126	      1 VCONFKEY_FACTORY_MULFUNCF_HDMI_STOP-result.txt
   127	      1 VCONFKEY_FACTORY_MULFUNCF_IRLED_START-result.txt
   128	      1 VCONFKEY_FACTORY_MULFUNCF_IRLED_STOP-result.txt
   129	      1 VCONFKEY_FACTORY_MULFUNCF_ISDBT_TEST-result.txt
   130	      1 VCONFKEY_FACTORY_MULFUNCF_KEY_TEST-result.txt
   131	      1 VCONFKEY_FACTORY_MULFUNCF_LOOPBACK-result.txt
   132	      1 VCONFKEY_FACTORY_MULFUNCF_LOOPBACK_START-result.txt
   133	      1 VCONFKEY_FACTORY_MULFUNCF_LOOPBACK_STOP-result.txt
   134	      1 VCONFKEY_FACTORY_MULFUNCF_NFC_BATTERY_SEARCHING_START-result.txt
   135	      1 VCONFKEY_FACTORY_MULFUNCF_NFC_BATTERY_SEARCHING_STOP-result.txt
   136	      1 VCONFKEY_FACTORY_MULFUNCF_NFC_SEARCHING_START-result.txt
   137	      1 VCONFKEY_FACTORY_MULFUNCF_NFC_SEARCHING_STOP-result.txt
   138	      1 VCONFKEY_FACTORY_MULFUNCF_NV_CHANGED-result.txt
   139	      1 VCONFKEY_FACTORY_MULFUNCF_OTG_TEST_START-result.txt
   140	      1 VCONFKEY_FACTORY_MULFUNCF_OTG_TEST_STOP-result.txt
   141	      1 VCONFKEY_FACTORY_MULFUNCF_RCV200-result.txt
   142	      1 VCONFKEY_FACTORY_MULFUNCF_RCV200_START-result.txt
   143	      1 VCONFKEY_FACTORY_MULFUNCF_RCV200_STOP-result.txt
   144	      1 VCONFKEY_FACTORY_MULFUNCF_RESTART-result.txt
   145	      1 VCONFKEY_FACTORY_MULFUNCF_STATE-result.txt
   146	      1 VCONFKEY_FACTORY_MULFUNCF_TSP_HOVERING_TEST-result.txt
   147	      1 VCONFKEY_FACTORY_MULFUNCF_TSP_TEST-result.txt
   148	      1 VCONFKEY_FACTORY_PREFIX-result.txt
   149	      1 VCONFKEY_FILEMANAGER_MMC_FULL-result.txt
   150	      1 VCONFKEY_FILEMANAGER_MMC_REMOVED-result.txt
   151	      1 VCONFKEY_FMM_STATE_UNLOCK-result.txt
   152	      1 VCONFKEY_FOTA_CONSUMER_STATE-result.txt
   153	      1 VCONFKEY_FOTA_FIRWARE_UPDARE_RESULT-result.txt
   154	      1 VCONFKEY_GOOGLE_PIM_SYNC_STATE-result.txt
   155	      1 VCONFKEY_GPS_OPERATION_MAX-result.txt
   156	      1 VCONFKEY_GPS_OPERATION_MS_ASSISTED-result.txt
   157	      1 VCONFKEY_GPS_OPERATION_MS_BASED-result.txt
   158	      1 VCONFKEY_GPS_OPERATION_STANDALONE-result.txt
   159	      1 VCONFKEY_GPS_OPERATION_TEST_HW_CN0-result.txt
   160	      1 VCONFKEY_GPS_OPERATION_TEST_HW_CW-result.txt
   161	      1 VCONFKEY_GPS_OPERATION_TEST_HW_SENSITIVITY-result.txt
   162	      1 VCONFKEY_GPS_OPERATION_TEST_MAX-result.txt
   163	      1 VCONFKEY_GPS_OPERATION_TEST_NORMAL-result.txt
   164	      1 VCONFKEY_GPS_REPLAY_MANAUL-result.txt
   165	      1 VCONFKEY_GPS_REPLAY_MODE_MAX-result.txt
   166	      1 VCONFKEY_GPS_REPLAY_NMEA-result.txt
   167	      1 VCONFKEY_GPS_REPLAY_OFF-result.txt
   168	      1 VCONFKEY_GPS_SESSION_MAX-result.txt
   169	      1 VCONFKEY_GPS_SESSION_SINGLE_FIX-result.txt
   170	      1 VCONFKEY_GPS_SESSION_TRACKING-result.txt
   171	      1 VCONFKEY_GPS_STARTING_COLD-result.txt
   172	      1 VCONFKEY_GPS_STARTING_HOT-result.txt
   173	      1 VCONFKEY_GPS_STARTING_MAX-result.txt
   174	      1 VCONFKEY_GROUP_PLAY_HAS_SESSION-result.txt
   175	      1 VCONFKEY_GROUP_PLAY_SPEN_A-result.txt
   176	      1 VCONFKEY_GROUP_PLAY_SPEN_B-result.txt
   177	      1 VCONFKEY_GROUP_PLAY_SPEN_ERASER_RATIO-result.txt
   178	      1 VCONFKEY_GROUP_PLAY_SPEN_G-result.txt
   179	      1 VCONFKEY_GROUP_PLAY_SPEN_INDEX-result.txt
   180	      1 VCONFKEY_GROUP_PLAY_SPEN_IS_ERASER-result.txt
   181	      1 VCONFKEY_GROUP_PLAY_SPEN_R-result.txt
   182	      1 VCONFKEY_GROUP_PLAY_SPEN_SIZE-result.txt
   183	      1 VCONFKEY_GROUP_PLAY_SPEN_STYLE-result.txt
   184	      1 VCONFKEY_HELP_ONPAUSE_NOTI-result.txt
   185	      1 VCONFKEY_ISE_DLM_AUTH-result.txt
   186	      1 VCONFKEY_ISE_DLM_AUTO_REPLACEMENT-result.txt
   187	      1 VCONFKEY_ISE_DLM_CLEAR_REMOTE_DATA-result.txt
   188	      1 VCONFKEY_ISE_DLM_INSTALL_ID-result.txt
   189	      1 VCONFKEY_ISE_DLM_LIVELANG_POPUP_DISABLE-result.txt
   190	      1 VCONFKEY_ISE_DLM_LIVE_LANG_ON-result.txt
   191	      1 VCONFKEY_ISE_DLM_ONPAUSE_NOTI-result.txt
   192	      1 VCONFKEY_ISE_DLM_TIMESTAMP_CONTACT-result.txt
   193	      1 VCONFKEY_ISE_DLM_TIMESTAMP_FACEBOOK-result.txt
   194	      1 VCONFKEY_ISE_DLM_TIMESTAMP_GMAIL-result.txt
   195	      1 VCONFKEY_ISE_DLM_TIMESTAMP_MESSAGE-result.txt
   196	      1 VCONFKEY_ISE_DLM_TIMESTAMP_TWITTER-result.txt
   197	      1 VCONFKEY_ISE_DLM_USE_ON-result.txt
   198	      1 VCONFKEY_ISE_FEATURE_LIST-result.txt
   199	      1 VCONFKEY_ISE_KEYBOARD_RESET-result.txt
   200	      1 VCONFKEY_ISE_LPM_DOWNLOADED_LANG-result.txt
   201	      1 VCONFKEY_ISE_LPM_LAUNCH_POPUP_DISABLE-result.txt
   202	      1 VCONFKEY_ISE_LPM_NETWORK_POPUP_DISABLE-result.txt
   203	      1 VCONFKEY_ISE_LPM_NOTI_PRIVID_LIST-result.txt
   204	      1 VCONFKEY_ISE_LPM_ONPAUSE_NOTI-result.txt
   205	      1 VCONFKEY_ISE_LPM_PREINSTALLED_LANG-result.txt
   206	      1 VCONFKEY_ISE_LPM_SELECTED_LANGUAGE-result.txt
   207	      1 VCONFKEY_ISE_LPM_TIMESTAMP_LANGUAGE_DB-result.txt
   208	      1 VCONFKEY_ISE_LPM_TIMESTAMP_LIVELANG_DB-result.txt
   209	      1 VCONFKEY_ISE_PREDICTION_VAL-result.txt
   210	      1 VCONFKEY_IWNN_PREFIX-result.txt
   211	      1 VCONFKEY_JPN_ISE_HWKEYBOARD_FLAG-result.txt
   212	      1 VCONFKEY_KEEPIT_SCREEN_CAPTURE_DESTINATION-result.txt
   213	      1 VCONFKEY_KIES_VIA_WIFI_AUTO_CONNECTION_OFF-result.txt
   214	      1 VCONFKEY_KIES_VIA_WIFI_AUTO_CONNECTION_ON-result.txt
   215	      1 VCONFKEY_KIES_VIA_WIFI_AUTO_CONNECTION_STATUS-result.txt
   216	      1 VCONFKEY_KIES_VIA_WIFI_CONNECTED_DEVICE_NAME-result.txt
   217	      1 VCONFKEY_KIES_VIA_WIFI_CONNECTED_DEVICE_UUID-result.txt
   218	      1 VCONFKEY_LOCATION_AGPS_ENABLED-result.txt
   219	      1 VCONFKEY_LOCATION_GPS_OPERATION-result.txt
   220	      1 VCONFKEY_LOCATION_GPS_OPERATION_TEST-result.txt
   221	      1 VCONFKEY_LOCATION_GPS_SESSION-result.txt
   222	      1 VCONFKEY_LOCATION_GPS_STARTING-result.txt
   223	      1 VCONFKEY_LOCATION_GPS_STATE_MAX-result.txt
   224	      1 VCONFKEY_LOCATION_LAST_GPS_XTRA_DOWNLOAD_TIME-result.txt
   225	      1 VCONFKEY_LOCATION_MANUAL_HORIZONTAL_ACCURACY-result.txt
   226	      1 VCONFKEY_LOCATION_POSITION_CONNECTED-result.txt
   227	      1 VCONFKEY_LOCATION_POSITION_OFF-result.txt
   228	      1 VCONFKEY_LOCATION_POSITION_SEARCHING-result.txt
   229	      1 VCONFKEY_LOCATION_POSITION_STATE-result.txt
   230	      1 VCONFKEY_LOCATION_POSITION_STATE_MAX-result.txt
   231	      1 VCONFKEY_LOCATION_SUPL_FQDNTYPE-result.txt
   232	      1 VCONFKEY_LOCATION_SUPL_FQDN_AUTO-result.txt
   233	      1 VCONFKEY_LOCATION_SUPL_FQDN_BUILD-result.txt
   234	      1 VCONFKEY_LOCATION_SUPL_FQDN_CUSTOM-result.txt
   235	      1 VCONFKEY_LOCATION_SUPL_FQDN_DOCOMO-result.txt
   236	      1 VCONFKEY_LOCATION_SUPL_FQDN_HERE-result.txt
   237	      1 VCONFKEY_LOCATION_SUPL_FQDN_SPIRENT-result.txt
   238	      1 VCONFKEY_LOCATION_SUPL_FQDN_VFONE-result.txt
   239	      1 VCONFKEY_LOCATION_SUPL_PORT-result.txt
   240	      1 VCONFKEY_LOCATION_SUPL_SERVER-result.txt
   241	      1 VCONFKEY_LOCATION_SUPL_SSL-result.txt
   242	      1 VCONFKEY_LOCATION_SUPL_VERSION-result.txt
   243	      1 VCONFKEY_LOCATION_WPS_CONNECTED-result.txt
   244	      1 VCONFKEY_LOCATION_WPS_OFF-result.txt
   245	      1 VCONFKEY_LOCATION_WPS_STATE_MAX-result.txt
   246	      1 VCONFKEY_LOCKSCREEN_STATE-result.txt
   247	      1 VCONFKEY_MDM_PREFIX-result.txt
   248	      1 VCONFKEY_MESSAGE_NETWORK_CS_ONLY-result.txt
   249	      1 VCONFKEY_MESSAGE_NETWORK_CS_PREFER-result.txt
   250	      1 VCONFKEY_MESSAGE_NETWORK_PS_ONLY-result.txt
   251	      1 VCONFKEY_MESSAGE_NETWORK_PS_PREFER-result.txt
   252	      1 VCONFKEY_MFAPP_CURRENT_FOLDER_STR-result.txt
   253	      1 VCONFKEY_MFAPP_PERMISSION_COPY_BOOL-result.txt
   254	      1 VCONFKEY_MFAPP_PREFIX-result.txt
   255	      1 VCONFKEY_MIRACAST_WFD_SOURCE_OFF-result.txt
   256	      1 VCONFKEY_MIRACAST_WFD_SOURCE_ON-result.txt
   257	      1 VCONFKEY_MOBEX_CONNECTOR_PREFIX-result.txt
   258	      1 VCONFKEY_MOBEX_CONNECTOR_STATUS-result.txt
   259	      1 VCONFKEY_MOBEX_CONNECTOR_STATUS_CONNECTED-result.txt
   260	      1 VCONFKEY_MOBEX_CONNECTOR_STATUS_DISCONNECTED-result.txt
   261	      1 VCONFKEY_MOBEX_CONNECTOR_STATUS_WAITING-result.txt
   262	      1 VCONFKEY_MOBEX_ENGINE_FUS_ODE_STATUS_INT-result.txt
   263	      1 VCONFKEY_MOBEX_ENGINE_FUS_ODE_STATUS_SET-result.txt
   264	      1 VCONFKEY_MOBEX_ENGINE_FUS_ODE_STATUS_UNSET-result.txt
   265	      1 VCONFKEY_MOBEX_ENGINE_MEMO_SYNC_STATUS-result.txt
   266	      1 VCONFKEY_MOBEX_ENGINE_PREFIX-result.txt
   267	      1 VCONFKEY_MOBEX_ENGINE_STATUS_CONNECTED-result.txt
   268	      1 VCONFKEY_MOBEX_ENGINE_STATUS_SYNC_END-result.txt
   269	      1 VCONFKEY_MOBEX_ENGIN_WIFI-result.txt
   270	      1 VCONFKEY_MOBILE_AP_HIDE_OFF-result.txt
   271	      1 VCONFKEY_MOBILE_AP_HIDE_ON-result.txt
   272	      1 VCONFKEY_MOBILE_AP_SECURITY_OFF-result.txt
   273	      1 VCONFKEY_MOBILE_AP_SECURITY_ON-result.txt
   274	      1 VCONFKEY_NFC_FEATURE_MAX-result.txt
   275	      1 VCONFKEY_NFC_FELICA_LOCK-result.txt
   276	      1 VCONFKEY_NFC_FELICA_LOCK_MAX-result.txt
   277	      1 VCONFKEY_NFC_FELICA_LOCK_OFF-result.txt
   278	      1 VCONFKEY_NFC_FELICA_LOCK_ON-result.txt
   279	      1 VCONFKEY_NFC_FLIGHT_MAX-result.txt
   280	      1 VCONFKEY_NFC_PREDEFINED_ITEM_MAX-result.txt
   281	      1 VCONFKEY_NFC_SBEAM_MAX-result.txt
   282	      1 VCONFKEY_NFC_SBEAM_OFF-result.txt
   283	      1 VCONFKEY_NFC_SE_POLICY_MAX-result.txt
   284	      1 VCONFKEY_NFC_STATE_MAX-result.txt
   285	      1 VCONFKEY_NFC_WALLET_MODE_MAX-result.txt
   286	      1 VCONFKEY_ODE_CRYPTO_BLKDEV-result.txt
   287	      1 VCONFKEY_ODE_CRYPTO_TYPE-result.txt
   288	      1 VCONFKEY_OMA_DS_STATE_SYNC_RUN-result.txt
   289	      1 VCONFKEY_OMA_DS_STATE_SYNC_STOP-result.txt
   290	      1 VCONFKEY_OMA_DS_SYNC_STATE-result.txt
   291	      1 VCONFKEY_PACKET_MAX-result.txt
   292	      1 VCONFKEY_PKGMGR_STATUS-result.txt
   293	      1 VCONFKEY_PLATFORM_READY-result.txt
   294	      1 VCONFKEY_PM_BRIGHTNESS_CHANGED_IN_LPM-result.txt
   295	      1 VCONFKEY_PM_CAMERA_OFF-result.txt
   296	      1 VCONFKEY_PM_CURRENT_BRIGHTNESS-result.txt
   297	      1 VCONFKEY_PM_CUSTOM_BRIGHTNESS_OFF-result.txt
   298	      1 VCONFKEY_PM_CUSTOM_BRIGHTNESS_ON-result.txt
   299	      1 VCONFKEY_PM_KEY_EXTRA1-result.txt
   300	      1 VCONFKEY_PM_KEY_EXTRA2-result.txt
   301	      1 VCONFKEY_PM_KEY_STARTER-result.txt
   302	      1 VCONFKEY_PM_SIP_OFF-result.txt
   303	      1 VCONFKEY_PM_SIP_ON-result.txt
   304	      1 VCONFKEY_PM_SIP_STATUS-result.txt
   305	      1 VCONFKEY_PM_SMARTSTAY_STATUS-result.txt
   306	      1 VCONFKEY_PM_SMARTSTAY_STATUS_OFF-result.txt
   307	      1 VCONFKEY_PM_SMARTSTAY_STATUS_ON-result.txt
   308	      1 VCONFKEY_POPSYNC_CURRENT_FOLDER_STR-result.txt
   309	      1 VCONFKEY_POPSYNC_CURRENT_MODE_KEY-result.txt
   310	      1 VCONFKEY_POPSYNC_DRAG_EVENT_SET_KEY-result.txt
   311	      1 VCONFKEY_POPSYNC_LICENSED_CONTENTS_CHECK-result.txt
   312	      1 VCONFKEY_POPSYNC_PERMISSION_COPY_BOOL-result.txt
   313	      1 VCONFKEY_POPSYNC_ROTATE_MODE_BOOL-result.txt
   314	      1 VCONFKEY_POPSYNC_ROTATE_STATE-result.txt
   315	      1 VCONFKEY_QC_DISABLE-result.txt
   316	      1 VCONFKEY_QC_ENABLE-result.txt
   317	      1 VCONFKEY_QC_LAUNCHED-result.txt
   318	      1 VCONFKEY_QC_PREFIX-result.txt
   319	      1 VCONFKEY_QC_SEARCH_ALL-result.txt
   320	      1 VCONFKEY_QC_SEARCH_CONTACT_ONLY-result.txt
   321	      1 VCONFKEY_QC_SETTING_ENABLE-result.txt
   322	      1 VCONFKEY_QC_SETTING_PREFIX-result.txt
   323	      1 VCONFKEY_QC_SETTING_SEARCH_MODE-result.txt
   324	      1 VCONFKEY_RADIO_OFF-result.txt
   325	      1 VCONFKEY_RADIO_PLAY-result.txt
   326	      1 VCONFKEY_RADIO_STATE-result.txt
   327	      1 VCONFKEY_RADIO_STATE_MAX-result.txt
   328	      1 VCONFKEY_RADIO_STOP-result.txt
   329	      1 VCONFKEY_READY_TO_SHARE_OFF-result.txt
   330	      1 VCONFKEY_READY_TO_SHARE_ON-result.txt
   331	      1 VCONFKEY_READY_TO_SHARE_STATE-result.txt
   332	      1 VCONFKEY_SDE_CRYPTO_TYPE-result.txt
   333	      1 VCONFKEY_SDE_ENCRYPT_NEWFILE-result.txt
   334	      1 VCONFKEY_SDE_EXCLUDE_MEDIAFILE-result.txt
   335	      1 VCONFKEY_SECURITY_MDPP_RELEASE-result.txt
   336	      1 VCONFKEY_SECURITY_MDPP_RESULT-result.txt
   337	      1 VCONFKEY_SECURITY_MDPP_STATE-result.txt
   338	      1 VCONFKEY_SECURITY_MDPP_UX-result.txt
   339	      1 VCONFKEY_SECURITY_MDPP_VER-result.txt
   340	      1 VCONFKEY_SETAPPL_BLOCKMODE_WEARABLE_BOOL-result.txt
   341	      1 VCONFKEY_SETAPPL_BLOCKMODE_WEARABLE_R_BOOL-result.txt
   342	      1 VCONFKEY_SETAPPL_CLOCK_TYPE_INT-result.txt
   343	      1 VCONFKEY_SETAPPL_DEFAULT_APP_STR-result.txt
   344	      1 VCONFKEY_SETAPPL_EMERGENCY_STATUS_BOOL-result.txt
   345	      1 VCONFKEY_SETAPPL_HOMESCREEN_TYPE_INT-result.txt
   346	      1 VCONFKEY_SETAPPL_MEDIA_SOUND_VOLUME_INT-result.txt
   347	      1 VCONFKEY_SETAPPL_MEM_PREFIX-result.txt
   348	      1 VCONFKEY_SETAPPL_MOTIONS_WAKE_UP_GESTURE_INT-result.txt
   349	      1 VCONFKEY_SETAPPL_NOTI_SOUND_VOLUME_INT-result.txt
   350	      1 VCONFKEY_SETAPPL_SCREEN_MODE_INT-result.txt
   351	      1 VCONFKEY_SETAPPL_SOUND_MODE-result.txt
   352	      1 VCONFKEY_SETAPPL_TOUCH_FEEDBACK_SOUND_VOLUME_INT-result.txt
   353	      1 VCONFKEY_SETAPPL_TOUCH_FEEDBACK_VIBRATION_LEVEL_BAK_INT-result.txt
   354	      1 VCONFKEY_SETAPPL_WIDGET_THEME_STR-result.txt
   355	      1 VCONFKEY_SETUP_WIZARD_UNLOCK-result.txt
   356	      1 VCONFKEY_SOUND_MEDIA_VOL_ACCUM_TIME-result.txt
   357	      1 VCONFKEY_SOUND_SAFETY_VOL_APP_GROUP_PLAY-result.txt
   358	      1 VCONFKEY_SOUND_SAFETY_VOL_APP_MTV-result.txt
   359	      1 VCONFKEY_SOUND_SAFETY_VOL_APP_MUSIC-result.txt
   360	      1 VCONFKEY_SOUND_SAFETY_VOL_APP_VIDEO-result.txt
   361	      1 VCONFKEY_SOUND_SAFETY_VOL_APP_VOICE_REC-result.txt
   362	      1 VCONFKEY_STARTER_FALLBACK_PKG-result.txt
   363	      1 VCONFKEY_STARTER_IS_FALLBACK-result.txt
   364	      1 VCONFKEY_SWIFTKEY_PREFIX-result.txt
   365	      1 VCONFKEY_SYNCML_DM_PREFIX-result.txt
   366	      1 VCONFKEY_SYNCML_DM_SW_UPDATE_AUTH_UPDATE-result.txt
   367	      1 VCONFKEY_SYNCML_DM_SW_UPDATE_PUSH_MSG-result.txt
   368	      1 VCONFKEY_SYNCML_DM_SW_UPDATE_WIFI_ONLY-result.txt
   369	      1 VCONFKEY_SYNCML_DS_PREFIX-result.txt
   370	      1 VCONFKEY_SYSMAN_ADDED_USB_STORAGE-result.txt
   371	      1 VCONFKEY_SYSMAN_MMC_CHANGED-result.txt
   372	      1 VCONFKEY_SYSMAN_MMC_DEVICE_CHANGED-result.txt
   373	      1 VCONFKEY_SYSMAN_MMC_EACCESS-result.txt
   374	      1 VCONFKEY_SYSMAN_MMC_EAGAIN-result.txt
   375	      1 VCONFKEY_SYSMAN_MMC_EBUSY-result.txt
   376	      1 VCONFKEY_SYSMAN_MMC_EFAULT-result.txt
   377	      1 VCONFKEY_SYSMAN_MMC_EINVAL-result.txt
   378	      1 VCONFKEY_SYSMAN_MMC_ELOOP-result.txt
   379	      1 VCONFKEY_SYSMAN_MMC_EMFILE-result.txt
   380	      1 VCONFKEY_SYSMAN_MMC_ENAMETOOLONG-result.txt
   381	      1 VCONFKEY_SYSMAN_MMC_ENODEV-result.txt
   382	      1 VCONFKEY_SYSMAN_MMC_ENOENT-result.txt
   383	      1 VCONFKEY_SYSMAN_MMC_ENOMEM-result.txt
   384	      1 VCONFKEY_SYSMAN_MMC_ENOTBLK-result.txt
   385	      1 VCONFKEY_SYSMAN_MMC_ENOTDIR-result.txt
   386	      1 VCONFKEY_SYSMAN_MMC_ENXIO-result.txt
   387	      1 VCONFKEY_SYSMAN_MMC_EPERM-result.txt
   388	      1 VCONFKEY_SYSMAN_MMC_ERR_STATUS-result.txt
   389	      1 VCONFKEY_SYSMAN_MMC_FORMAT_FAILED-result.txt
   390	      1 VCONFKEY_SYSMAN_MMC_FORMAT_PROGRESS-result.txt
   391	      1 VCONFKEY_SYSMAN_MMC_FORMAT_PROGRESS_NONE-result.txt
   392	      1 VCONFKEY_SYSMAN_MMC_FORMAT_PROGRESS_NOW-result.txt
   393	      1 VCONFKEY_SYSMAN_MMC_NOT_CHANGED-result.txt
   394	      1 VCONFKEY_SYSMAN_MMC_UNMOUNT-result.txt
   395	      1 VCONFKEY_SYSMAN_MMC_UNMOUNT_COMPLETED-result.txt
   396	      1 VCONFKEY_SYSMAN_MMC_UNMOUNT_FAILED-result.txt
   397	      1 VCONFKEY_SYSMAN_REMOVED_USB_STORAGE-result.txt
   398	      1 VCONFKEY_SYSMAN_SLIDING_KEYBOAED_AVAILABLE-result.txt
   399	      1 VCONFKEY_SYSMAN_SLIDING_KEYBOARD_NOT_AVAILABE-result.txt
   400	      1 VCONFKEY_SYSMAN_SLIDING_KEYBOARD_NOT_SUPPORTED-result.txt
   401	      1 VCONFKEY_SYSMAN_STIME-result.txt
   402	      1 VCONFKEY_SYSMAN_STIME_CHANGED-result.txt
   403	      1 VCONFKEY_SYSMAN_STIME_NOT_CHANGED-result.txt
   404	      1 VCONFKEY_SYSTEM_TIMECHANGE-result.txt
   405	      1 VCONFKEY_TELEPHONY_ACTIVATION_COMPLETED-result.txt
   406	      1 VCONFKEY_TELEPHONY_AVAILABLE_EVDO-result.txt
   407	      1 VCONFKEY_TELEPHONY_AVAILABLE_EVDO_NO-result.txt
   408	      1 VCONFKEY_TELEPHONY_AVAILABLE_EVDO_YES-result.txt
   409	      1 VCONFKEY_TELEPHONY_BATT_CRIT_LOW_LEVEL-result.txt
   410	      1 VCONFKEY_TELEPHONY_BATT_LOW_LEVEL-result.txt
   411	      1 VCONFKEY_TELEPHONY_BATT_NORMAL_LEVEL-result.txt
   412	      1 VCONFKEY_TELEPHONY_BATT_POWER_OFF_LEVEL-result.txt
   413	      1 VCONFKEY_TELEPHONY_CALDATE-result.txt
   414	      1 VCONFKEY_TELEPHONY_CALL_CONNECT_ACTIVE-result.txt
   415	      1 VCONFKEY_TELEPHONY_CALL_CONNECT_HELD-result.txt
   416	      1 VCONFKEY_TELEPHONY_CALL_CONNECT_IDLE-result.txt
   417	      1 VCONFKEY_TELEPHONY_CALL_FORWARD_OFF-result.txt
   418	      1 VCONFKEY_TELEPHONY_CALL_FORWARD_STATE2-result.txt
   419	      1 VCONFKEY_TELEPHONY_CALL_PITCH_TYPE-result.txt
   420	      1 VCONFKEY_TELEPHONY_CALL_SIGNAL-result.txt
   421	      1 VCONFKEY_TELEPHONY_CALL_SIGNAL_TYPE-result.txt
   422	      1 VCONFKEY_TELEPHONY_DB_PREFIX-result.txt
   423	      1 VCONFKEY_TELEPHONY_EMERGENCY_CB_MODE_CDMA-result.txt
   424	      1 VCONFKEY_TELEPHONY_EMERGENCY_MODE-result.txt
   425	      1 VCONFKEY_TELEPHONY_EVENT_READY-result.txt
   426	      1 VCONFKEY_TELEPHONY_FACTORYMODE_OFF-result.txt
   427	      1 VCONFKEY_TELEPHONY_FACTORYMODE_ON-result.txt
   428	      1 VCONFKEY_TELEPHONY_FACTORY_KSTRINGB-result.txt
   429	      1 VCONFKEY_TELEPHONY_FACTORY_KSTRINGB_OFF-result.txt
   430	      1 VCONFKEY_TELEPHONY_FACTORY_KSTRINGB_ON-result.txt
   431	      1 VCONFKEY_TELEPHONY_HWVERSION-result.txt
   432	      1 VCONFKEY_TELEPHONY_IMEI_FACTORY_REBOOT-result.txt
   433	      1 VCONFKEY_TELEPHONY_LOW_BATTERY-result.txt
   434	      1 VCONFKEY_TELEPHONY_MDN-result.txt
   435	      1 VCONFKEY_TELEPHONY_MODEM_ALWAYS_OFF-result.txt
   436	      1 VCONFKEY_TELEPHONY_MODEM_ALWAYS_ON-result.txt
   437	      1 VCONFKEY_TELEPHONY_MODEM_ALWAYS_ON_STATE-result.txt
   438	      1 VCONFKEY_TELEPHONY_MODEM_AUTO_ON_OFF-result.txt
   439	      1 VCONFKEY_TELEPHONY_NETWORK_REJECT_CAUSE-result.txt
   440	      1 VCONFKEY_TELEPHONY_PREFIX-result.txt
   441	      1 VCONFKEY_TELEPHONY_PRIVATE_DATA_ROAMING_POPUP_CHECKBOX-result.txt
   442	      1 VCONFKEY_TELEPHONY_PRIVATE_MANUAL_PLMN-result.txt
   443	      1 VCONFKEY_TELEPHONY_PRIVATE_MODEMD_ASSERT_REASON-result.txt
   444	      1 VCONFKEY_TELEPHONY_PRIVATE_NCK_UNLOCK_COUNT-result.txt
   445	      1 VCONFKEY_TELEPHONY_PRIVATE_NETWORK_MODE_SIM_1-result.txt
   446	      1 VCONFKEY_TELEPHONY_PRIVATE_NETWORK_MODE_SIM_2-result.txt
   447	      1 VCONFKEY_TELEPHONY_PRIVATE_NET_MODE_USER_CHANGED-result.txt
   448	      1 VCONFKEY_TELEPHONY_PRIVATE_NITZ_ISO-result.txt
   449	      1 VCONFKEY_TELEPHONY_PRIVATE_NO_SIM_POPUP_CHECKBOX-result.txt
   450	      1 VCONFKEY_TELEPHONY_PRIVATE_PERSO_NWK_PUK-result.txt
   451	      1 VCONFKEY_TELEPHONY_PRIVATE_PS_DATA_STATUS-result.txt
   452	      1 VCONFKEY_TELEPHONY_PRODUCTCODE-result.txt
   453	      1 VCONFKEY_TELEPHONY_RECEIVE_INCOMING_CALL_BOOL-result.txt
   454	      1 VCONFKEY_TELEPHONY_ROAM_ICON_FLASHING_MODE-result.txt
   455	      1 VCONFKEY_TELEPHONY_ROAM_ICON_SOLID_MODE-result.txt
   456	      1 VCONFKEY_TELEPHONY_RSSI_1-result.txt
   457	      1 VCONFKEY_TELEPHONY_RSSI_2-result.txt
   458	      1 VCONFKEY_TELEPHONY_RSSI_3-result.txt
   459	      1 VCONFKEY_TELEPHONY_RSSI_6-result.txt
   460	      1 VCONFKEY_TELEPHONY_SIM_CPHS_OPERATOR_NAME_FULL-result.txt
   461	      1 VCONFKEY_TELEPHONY_SIM_CPHS_OPERATOR_NAME_SHORT-result.txt
   462	      1 VCONFKEY_TELEPHONY_SIM_FACTORYMODE_OFF-result.txt
   463	      1 VCONFKEY_TELEPHONY_SIM_FACTORYMODE_ON-result.txt
   464	      1 VCONFKEY_TELEPHONY_SIM_FACTORY_MODE-result.txt
   465	      1 VCONFKEY_TELEPHONY_SIM_IS_CHANGED-result.txt
   466	      1 VCONFKEY_TELEPHONY_SIM_PB_INIT_COMPLETED-result.txt
   467	      1 VCONFKEY_TELEPHONY_SS_CLI_BYNETWORK-result.txt
   468	      1 VCONFKEY_TELEPHONY_SS_CLI_HIDE-result.txt
   469	      1 VCONFKEY_TELEPHONY_SS_CLI_SHOW-result.txt
   470	      1 VCONFKEY_TELEPHONY_SVC_ACT_CDMA_1X-result.txt
   471	      1 VCONFKEY_TELEPHONY_SVC_ACT_CDMA_1X_EVDO_REV0-result.txt
   472	      1 VCONFKEY_TELEPHONY_SVC_ACT_CDMA_1X_EVDO_REVA-result.txt
   473	      1 VCONFKEY_TELEPHONY_SVC_ACT_EGPRS-result.txt
   474	      1 VCONFKEY_TELEPHONY_SVC_ACT_EHRPD-result.txt
   475	      1 VCONFKEY_TELEPHONY_SVC_ACT_EVDO_REV0-result.txt
   476	      1 VCONFKEY_TELEPHONY_SVC_ACT_EVDO_REVA-result.txt
   477	      1 VCONFKEY_TELEPHONY_SVC_ACT_EVDV-result.txt
   478	      1 VCONFKEY_TELEPHONY_SVC_ACT_GPRS-result.txt
   479	      1 VCONFKEY_TELEPHONY_SVC_ACT_GSM-result.txt
   480	      1 VCONFKEY_TELEPHONY_SVC_ACT_IS95A-result.txt
   481	      1 VCONFKEY_TELEPHONY_SVC_ACT_IS95B-result.txt
   482	      1 VCONFKEY_TELEPHONY_SVC_ACT_LTE-result.txt
   483	      1 VCONFKEY_TELEPHONY_SVC_ACT_NONE-result.txt
   484	      1 VCONFKEY_TELEPHONY_SVC_ACT_NOT_SPECIFIED-result.txt
   485	      1 VCONFKEY_TELEPHONY_SVC_ACT_UMTS-result.txt
   486	      1 VCONFKEY_TELEPHONY_SVC_CS_OFF-result.txt
   487	      1 VCONFKEY_TELEPHONY_SVC_PS_OFF-result.txt
   488	      1 VCONFKEY_TELEPHONY_SVC_PS_ON-result.txt
   489	      1 VCONFKEY_TELEPHONY_SWVERSION-result.txt
   490	      1 VCONFKEY_TELEPHONY_ZONE_CITY-result.txt
   491	      1 VCONFKEY_TELEPHONY_ZONE_HOME-result.txt
   492	      1 VCONFKEY_TELEPHONY_ZONE_NONE-result.txt
   493	      1 VCONFKEY_TELEPHONY_ZONE_TYPE-result.txt
   494	      1 VCONFKEY_TESTMODE_CAM_EXTERNAL-result.txt
   495	      1 VCONFKEY_TESTMODE_CAM_FRONT-result.txt
   496	      1 VCONFKEY_TESTMODE_CAM_MAX-result.txt
   497	      1 VCONFKEY_TESTMODE_FACTORYMODE-result.txt
   498	      1 VCONFKEY_TESTMODE_FACTORYMODE_OFF-result.txt
   499	      1 VCONFKEY_TESTMODE_FACTORYMODE_ON-result.txt
   500	      1 VCONFKEY_TESTMODE_FACTORY_KSTRINGB-result.txt
   501	      1 VCONFKEY_TESTMODE_FACTORY_KSTRINGB_OFF-result.txt
   502	      1 VCONFKEY_TESTMODE_FACTORY_KSTRINGB_ON-result.txt
   503	      1 VCONFKEY_TESTMODE_FAST_DORMANCY_OFF-result.txt
   504	      1 VCONFKEY_TESTMODE_FAST_DORMANCY_ON-result.txt
   505	      1 VCONFKEY_TESTMODE_LOW_BATT_POPUP-result.txt
   506	      1 VCONFKEY_TESTMODE_LOW_BATT_POPUP_DISABLE-result.txt
   507	      1 VCONFKEY_TESTMODE_LOW_BATT_POPUP_ENABLE-result.txt
   508	      1 VCONFKEY_TESTMODE_MSLEDITEDMODE_OFF-result.txt
   509	      1 VCONFKEY_TESTMODE_MSLEDITEDMODE_ON-result.txt
   510	      1 VCONFKEY_TESTMODE_MSL_EDITEDAKEY-result.txt
   511	      1 VCONFKEY_TESTMODE_MSL_EDITEDMDN-result.txt
   512	      1 VCONFKEY_TESTMODE_MSL_EDITEDMODE-result.txt
   513	      1 VCONFKEY_TESTMODE_MSL_EDITEDMSID-result.txt
   514	      1 VCONFKEY_TESTMODE_OFF-result.txt
   515	      1 VCONFKEY_TESTMODE_ON-result.txt
   516	      1 VCONFKEY_TESTMODE_POWER_OFF_POPUP-result.txt
   517	      1 VCONFKEY_TESTMODE_POWER_OFF_POPUP_AND_POWER_OFF_DISABLE-result.txt
   518	      1 VCONFKEY_TESTMODE_POWER_OFF_POPUP_DISABLE-result.txt
   519	      1 VCONFKEY_TESTMODE_POWER_OFF_POPUP_ENABLE-result.txt
   520	      1 VCONFKEY_TESTMODE_PREFIX-result.txt
   521	      1 VCONFKEY_TESTMODE_SCREEN_LOCK-result.txt
   522	      1 VCONFKEY_TESTMODE_SCREEN_LOCK_DISABLE-result.txt
   523	      1 VCONFKEY_TESTMODE_SCREEN_LOCK_ENABLE-result.txt
   524	      1 VCONFKEY_TESTMODE_TEMP_ALERT_POPUP-result.txt
   525	      1 VCONFKEY_TESTMODE_TEMP_ALERT_POPUP_DISABLE-result.txt
   526	      1 VCONFKEY_TESTMODE_TEMP_ALERT_POPUP_ENABLE-result.txt
   527	      1 VCONFKEY_TESTMODE_UART_PATH-result.txt
   528	      1 VCONFKEY_TESTMODE_UART_PATH_AP-result.txt
   529	      1 VCONFKEY_TESTMODE_UART_PATH_CP-result.txt
   530	      1 VCONFKEY_TESTMODE_VT_CAM_SETTING-result.txt
   531	      1 VCONFKEY_UNCATEGORIZED_003-result.txt
   532	      1 VCONFKEY_UNCATEGORIZED_004-result.txt
   533	      1 VCONFKEY_UNCATEGORIZED_005-result.txt
   534	      1 VCONFKEY_UNCATEGORIZED_006-result.txt
   535	      1 VCONFKEY_UNCATEGORIZED_007-result.txt
   536	      1 VCONFKEY_UNCATEGORIZED_008-result.txt
   537	      1 VCONFKEY_UNCATEGORIZED_012-result.txt
   538	      1 VCONFKEY_UNCATEGORIZED_013-result.txt
   539	      1 VCONFKEY_UNCATEGORIZED_014-result.txt
   540	      1 VCONFKEY_UNCATEGORIZED_015-result.txt
   541	      1 VCONFKEY_UNCATEGORIZED_016-result.txt
   542	      1 VCONFKEY_UNCATEGORIZED_017-result.txt
   543	      1 VCONFKEY_UNCATEGORIZED_018-result.txt
   544	      1 VCONFKEY_UNCATEGORIZED_019-result.txt
   545	      1 VCONFKEY_UNCATEGORIZED_100-result.txt
   546	      1 VCONFKEY_UNCATEGORIZED_101-result.txt
   547	      1 VCONFKEY_UNCATEGORIZED_102-result.txt
   548	      1 VCONFKEY_UNCATEGORIZED_103-result.txt
   549	      1 VCONFKEY_UNCATEGORIZED_104-result.txt
   550	      1 VCONFKEY_UNCATEGORIZED_105-result.txt
   551	      1 VCONFKEY_UNCATEGORIZED_106-result.txt
   552	      1 VCONFKEY_UNCATEGORIZED_107-result.txt
   553	      1 VCONFKEY_UNCATEGORIZED_108-result.txt
   554	      1 VCONFKEY_UNCATEGORIZED_109-result.txt
   555	      1 VCONFKEY_UNCATEGORIZED_110-result.txt
   556	      1 VCONFKEY_UNCATEGORIZED_111-result.txt
   557	      1 VCONFKEY_UNCATEGORIZED_112-result.txt
   558	      1 VCONFKEY_UNCATEGORIZED_113-result.txt
   559	      1 VCONFKEY_UNCATEGORIZED_114-result.txt
   560	      1 VCONFKEY_UNCATEGORIZED_115-result.txt
   561	      1 VCONFKEY_UNCATEGORIZED_116-result.txt
   562	      1 VCONFKEY_UNCATEGORIZED_117-result.txt
   563	      1 VCONFKEY_UNCATEGORIZED_118-result.txt
   564	      1 VCONFKEY_UNCATEGORIZED_119-result.txt
   565	      1 VCONFKEY_UNCATEGORIZED_120-result.txt
   566	      1 VCONFKEY_UNCATEGORIZED_121-result.txt
   567	      1 VCONFKEY_UNCATEGORIZED_122-result.txt
   568	      1 VCONFKEY_UNCATEGORIZED_123-result.txt
   569	      1 VCONFKEY_UNCATEGORIZED_124-result.txt
   570	      1 VCONFKEY_UNCATEGORIZED_125-result.txt
   571	      1 VCONFKEY_UNCATEGORIZED_126-result.txt
   572	      1 VCONFKEY_UNCATEGORIZED_127-result.txt
   573	      1 VCONFKEY_UNCATEGORIZED_128-result.txt
   574	      1 VCONFKEY_UNCATEGORIZED_129-result.txt
   575	      1 VCONFKEY_UNCATEGORIZED_130-result.txt
   576	      1 VCONFKEY_UNCATEGORIZED_131-result.txt
   577	      1 VCONFKEY_UNCATEGORIZED_132-result.txt
   578	      1 VCONFKEY_UNCATEGORIZED_133-result.txt
   579	      1 VCONFKEY_UNCATEGORIZED_134-result.txt
   580	      1 VCONFKEY_UNCATEGORIZED_135-result.txt
   581	      1 VCONFKEY_UNCATEGORIZED_136-result.txt
   582	      1 VCONFKEY_UNCATEGORIZED_137-result.txt
   583	      1 VCONFKEY_UNCATEGORIZED_138-result.txt
   584	      1 VCONFKEY_UNCATEGORIZED_139-result.txt
   585	      1 VCONFKEY_UNCATEGORIZED_140-result.txt
   586	      1 VCONFKEY_UNCATEGORIZED_141-result.txt
   587	      1 VCONFKEY_UNCATEGORIZED_142-result.txt
   588	      1 VCONFKEY_UNCATEGORIZED_143-result.txt
   589	      1 VCONFKEY_UNCATEGORIZED_144-result.txt
   590	      1 VCONFKEY_UNCATEGORIZED_145-result.txt
   591	      1 VCONFKEY_UNCATEGORIZED_146-result.txt
   592	      1 VCONFKEY_UNCATEGORIZED_147-result.txt
   593	      1 VCONFKEY_UNCATEGORIZED_148-result.txt
   594	      1 VCONFKEY_UNCATEGORIZED_149-result.txt
   595	      1 VCONFKEY_UNCATEGORIZED_150-result.txt
   596	      1 VCONFKEY_UNCATEGORIZED_151-result.txt
   597	      1 VCONFKEY_UNCATEGORIZED_152-result.txt
   598	      1 VCONFKEY_UNCATEGORIZED_153-result.txt
   599	      1 VCONFKEY_UNCATEGORIZED_154-result.txt
   600	      1 VCONFKEY_UNCATEGORIZED_155-result.txt
   601	      1 VCONFKEY_UNCATEGORIZED_156-result.txt
   602	      1 VCONFKEY_UNCATEGORIZED_157-result.txt
   603	      1 VCONFKEY_UNCATEGORIZED_158-result.txt
   604	      1 VCONFKEY_UNCATEGORIZED_168-result.txt
   605	      1 VCONFKEY_UNCATEGORIZED_172-result.txt
   606	      1 VCONFKEY_UNCATEGORIZED_181-result.txt
   607	      1 VCONFKEY_UNCATEGORIZED_196-result.txt
   608	      1 VCONFKEY_UNCATEGORIZED_197-result.txt
   609	      1 VCONFKEY_UNCATEGORIZED_198-result.txt
   610	      1 VCONFKEY_UNCATEGORIZED_199-result.txt
   611	      1 VCONFKEY_UNCATEGORIZED_20-result.txt
   612	      1 VCONFKEY_UNCATEGORIZED_200-result.txt
   613	      1 VCONFKEY_UNCATEGORIZED_200_0-result.txt
   614	      1 VCONFKEY_UNCATEGORIZED_201-result.txt
   615	      1 VCONFKEY_UNCATEGORIZED_202-result.txt
   616	      1 VCONFKEY_UNCATEGORIZED_203-result.txt
   617	      1 VCONFKEY_UNCATEGORIZED_204-result.txt
   618	      1 VCONFKEY_UNCATEGORIZED_205-result.txt
   619	      1 VCONFKEY_UNCATEGORIZED_206-result.txt
   620	      1 VCONFKEY_UNCATEGORIZED_207-result.txt
   621	      1 VCONFKEY_UNCATEGORIZED_208-result.txt
   622	      1 VCONFKEY_UNCATEGORIZED_209-result.txt
   623	      1 VCONFKEY_UNCATEGORIZED_21-result.txt
   624	      1 VCONFKEY_UNCATEGORIZED_210-result.txt
   625	      1 VCONFKEY_UNCATEGORIZED_211-result.txt
   626	      1 VCONFKEY_UNCATEGORIZED_212-result.txt
   627	      1 VCONFKEY_UNCATEGORIZED_215-result.txt
   628	      1 VCONFKEY_UNCATEGORIZED_216-result.txt
   629	      1 VCONFKEY_UNCATEGORIZED_217-result.txt
   630	      1 VCONFKEY_UNCATEGORIZED_22-result.txt
   631	      1 VCONFKEY_UNCATEGORIZED_221-result.txt
   632	      1 VCONFKEY_UNCATEGORIZED_222-result.txt
   633	      1 VCONFKEY_UNCATEGORIZED_223-result.txt
   634	      1 VCONFKEY_UNCATEGORIZED_224-result.txt
   635	      1 VCONFKEY_UNCATEGORIZED_225-result.txt
   636	      1 VCONFKEY_UNCATEGORIZED_226-result.txt
   637	      1 VCONFKEY_UNCATEGORIZED_227-result.txt
   638	      1 VCONFKEY_UNCATEGORIZED_228-result.txt
   639	      1 VCONFKEY_UNCATEGORIZED_229-result.txt
   640	      1 VCONFKEY_UNCATEGORIZED_23-result.txt
   641	      1 VCONFKEY_UNCATEGORIZED_231-result.txt
   642	      1 VCONFKEY_UNCATEGORIZED_232-result.txt
   643	      1 VCONFKEY_UNCATEGORIZED_233-result.txt
   644	      1 VCONFKEY_UNCATEGORIZED_234-result.txt
   645	      1 VCONFKEY_UNCATEGORIZED_239-result.txt
   646	      1 VCONFKEY_UNCATEGORIZED_24-result.txt
   647	      1 VCONFKEY_UNCATEGORIZED_240-result.txt
   648	      1 VCONFKEY_UNCATEGORIZED_241-result.txt
   649	      1 VCONFKEY_UNCATEGORIZED_242-result.txt
   650	      1 VCONFKEY_UNCATEGORIZED_243-result.txt
   651	      1 VCONFKEY_UNCATEGORIZED_244-result.txt
   652	      1 VCONFKEY_UNCATEGORIZED_245-result.txt
   653	      1 VCONFKEY_UNCATEGORIZED_246-result.txt
   654	      1 VCONFKEY_UNCATEGORIZED_247-result.txt
   655	      1 VCONFKEY_UNCATEGORIZED_248-result.txt
   656	      1 VCONFKEY_UNCATEGORIZED_249-result.txt
   657	      1 VCONFKEY_UNCATEGORIZED_25-result.txt
   658	      1 VCONFKEY_UNCATEGORIZED_250-result.txt
   659	      1 VCONFKEY_UNCATEGORIZED_251-result.txt
   660	      1 VCONFKEY_UNCATEGORIZED_252-result.txt
   661	      1 VCONFKEY_UNCATEGORIZED_253-result.txt
   662	      1 VCONFKEY_UNCATEGORIZED_254-result.txt
   663	      1 VCONFKEY_UNCATEGORIZED_255-result.txt
   664	      1 VCONFKEY_UNCATEGORIZED_256-result.txt
   665	      1 VCONFKEY_UNCATEGORIZED_257-result.txt
   666	      1 VCONFKEY_UNCATEGORIZED_258-result.txt
   667	      1 VCONFKEY_UNCATEGORIZED_259-result.txt
   668	      1 VCONFKEY_UNCATEGORIZED_26-result.txt
   669	      1 VCONFKEY_UNCATEGORIZED_260-result.txt
   670	      1 VCONFKEY_UNCATEGORIZED_265-result.txt
   671	      1 VCONFKEY_UNCATEGORIZED_266-result.txt
   672	      1 VCONFKEY_UNCATEGORIZED_267-result.txt
   673	      1 VCONFKEY_UNCATEGORIZED_268-result.txt
   674	      1 VCONFKEY_UNCATEGORIZED_269-result.txt
   675	      1 VCONFKEY_UNCATEGORIZED_27-result.txt
   676	      1 VCONFKEY_UNCATEGORIZED_270-result.txt
   677	      1 VCONFKEY_UNCATEGORIZED_271-result.txt
   678	      1 VCONFKEY_UNCATEGORIZED_273-result.txt
   679	      1 VCONFKEY_UNCATEGORIZED_274-result.txt
   680	      1 VCONFKEY_UNCATEGORIZED_275-result.txt
   681	      1 VCONFKEY_UNCATEGORIZED_276-result.txt
   682	      1 VCONFKEY_UNCATEGORIZED_278-result.txt
   683	      1 VCONFKEY_UNCATEGORIZED_28-result.txt
   684	      1 VCONFKEY_UNCATEGORIZED_280-result.txt
   685	      1 VCONFKEY_UNCATEGORIZED_281-result.txt
   686	      1 VCONFKEY_UNCATEGORIZED_282-result.txt
   687	      1 VCONFKEY_UNCATEGORIZED_283-result.txt
   688	      1 VCONFKEY_UNCATEGORIZED_287-result.txt
   689	      1 VCONFKEY_UNCATEGORIZED_288-result.txt
   690	      1 VCONFKEY_UNCATEGORIZED_289-result.txt
   691	      1 VCONFKEY_UNCATEGORIZED_29-result.txt
   692	      1 VCONFKEY_UNCATEGORIZED_293-result.txt
   693	      1 VCONFKEY_UNCATEGORIZED_294-result.txt
   694	      1 VCONFKEY_UNCATEGORIZED_295-result.txt
   695	      1 VCONFKEY_UNCATEGORIZED_296-result.txt
   696	      1 VCONFKEY_UNCATEGORIZED_297-result.txt
   697	      1 VCONFKEY_UNCATEGORIZED_298-result.txt
   698	      1 VCONFKEY_UNCATEGORIZED_299-result.txt
   699	      1 VCONFKEY_UNCATEGORIZED_30-result.txt
   700	      1 VCONFKEY_UNCATEGORIZED_300-result.txt
   701	      1 VCONFKEY_UNCATEGORIZED_301-result.txt
   702	      1 VCONFKEY_UNCATEGORIZED_302-result.txt
   703	      1 VCONFKEY_UNCATEGORIZED_303-result.txt
   704	      1 VCONFKEY_UNCATEGORIZED_304-result.txt
   705	      1 VCONFKEY_UNCATEGORIZED_308-result.txt
   706	      1 VCONFKEY_UNCATEGORIZED_31-result.txt
   707	      1 VCONFKEY_UNCATEGORIZED_310-result.txt
   708	      1 VCONFKEY_UNCATEGORIZED_311-result.txt
   709	      1 VCONFKEY_UNCATEGORIZED_312-result.txt
   710	      1 VCONFKEY_UNCATEGORIZED_313-result.txt
   711	      1 VCONFKEY_UNCATEGORIZED_317-result.txt
   712	      1 VCONFKEY_UNCATEGORIZED_318-result.txt
   713	      1 VCONFKEY_UNCATEGORIZED_319-result.txt
   714	      1 VCONFKEY_UNCATEGORIZED_32-result.txt
   715	      1 VCONFKEY_UNCATEGORIZED_320-result.txt
   716	      1 VCONFKEY_UNCATEGORIZED_321-result.txt
   717	      1 VCONFKEY_UNCATEGORIZED_322-result.txt
   718	      1 VCONFKEY_UNCATEGORIZED_323-result.txt
   719	      1 VCONFKEY_UNCATEGORIZED_324-result.txt
   720	      1 VCONFKEY_UNCATEGORIZED_325-result.txt
   721	      1 VCONFKEY_UNCATEGORIZED_326-result.txt
   722	      1 VCONFKEY_UNCATEGORIZED_328-result.txt
   723	      1 VCONFKEY_UNCATEGORIZED_329-result.txt
   724	      1 VCONFKEY_UNCATEGORIZED_33-result.txt
   725	      1 VCONFKEY_UNCATEGORIZED_330-result.txt
   726	      1 VCONFKEY_UNCATEGORIZED_331-result.txt
   727	      1 VCONFKEY_UNCATEGORIZED_332-result.txt
   728	      1 VCONFKEY_UNCATEGORIZED_333-result.txt
   729	      1 VCONFKEY_UNCATEGORIZED_334-result.txt
   730	      1 VCONFKEY_UNCATEGORIZED_335-result.txt
   731	      1 VCONFKEY_UNCATEGORIZED_336-result.txt
   732	      1 VCONFKEY_UNCATEGORIZED_337-result.txt
   733	      1 VCONFKEY_UNCATEGORIZED_338-result.txt
   734	      1 VCONFKEY_UNCATEGORIZED_34-result.txt
   735	      1 VCONFKEY_UNCATEGORIZED_343-result.txt
   736	      1 VCONFKEY_UNCATEGORIZED_347-result.txt
   737	      1 VCONFKEY_UNCATEGORIZED_348-result.txt
   738	      1 VCONFKEY_UNCATEGORIZED_349-result.txt
   739	      1 VCONFKEY_UNCATEGORIZED_35-result.txt
   740	      1 VCONFKEY_UNCATEGORIZED_350-result.txt
   741	      1 VCONFKEY_UNCATEGORIZED_351-result.txt
   742	      1 VCONFKEY_UNCATEGORIZED_352-result.txt
   743	      1 VCONFKEY_UNCATEGORIZED_353-result.txt
   744	      1 VCONFKEY_UNCATEGORIZED_354-result.txt
   745	      1 VCONFKEY_UNCATEGORIZED_355-result.txt
   746	      1 VCONFKEY_UNCATEGORIZED_356-result.txt
   747	      1 VCONFKEY_UNCATEGORIZED_357-result.txt
   748	      1 VCONFKEY_UNCATEGORIZED_358-result.txt
   749	      1 VCONFKEY_UNCATEGORIZED_359-result.txt
   750	      1 VCONFKEY_UNCATEGORIZED_36-result.txt
   751	      1 VCONFKEY_UNCATEGORIZED_360-result.txt
   752	      1 VCONFKEY_UNCATEGORIZED_361-result.txt
   753	      1 VCONFKEY_UNCATEGORIZED_362-result.txt
   754	      1 VCONFKEY_UNCATEGORIZED_363-result.txt
   755	      1 VCONFKEY_UNCATEGORIZED_364-result.txt
   756	      1 VCONFKEY_UNCATEGORIZED_365-result.txt
   757	      1 VCONFKEY_UNCATEGORIZED_366-result.txt
   758	      1 VCONFKEY_UNCATEGORIZED_367-result.txt
   759	      1 VCONFKEY_UNCATEGORIZED_368-result.txt
   760	      1 VCONFKEY_UNCATEGORIZED_369-result.txt
   761	      1 VCONFKEY_UNCATEGORIZED_37-result.txt
   762	      1 VCONFKEY_UNCATEGORIZED_370-result.txt
   763	      1 VCONFKEY_UNCATEGORIZED_371-result.txt
   764	      1 VCONFKEY_UNCATEGORIZED_372-result.txt
   765	      1 VCONFKEY_UNCATEGORIZED_373-result.txt
   766	      1 VCONFKEY_UNCATEGORIZED_374-result.txt
   767	      1 VCONFKEY_UNCATEGORIZED_375-result.txt
   768	      1 VCONFKEY_UNCATEGORIZED_376-result.txt
   769	      1 VCONFKEY_UNCATEGORIZED_377-result.txt
   770	      1 VCONFKEY_UNCATEGORIZED_378-result.txt
   771	      1 VCONFKEY_UNCATEGORIZED_379-result.txt
   772	      1 VCONFKEY_UNCATEGORIZED_38-result.txt
   773	      1 VCONFKEY_UNCATEGORIZED_380-result.txt
   774	      1 VCONFKEY_UNCATEGORIZED_381-result.txt
   775	      1 VCONFKEY_UNCATEGORIZED_382-result.txt
   776	      1 VCONFKEY_UNCATEGORIZED_383-result.txt
   777	      1 VCONFKEY_UNCATEGORIZED_384-result.txt
   778	      1 VCONFKEY_UNCATEGORIZED_385-result.txt
   779	      1 VCONFKEY_UNCATEGORIZED_386-result.txt
   780	      1 VCONFKEY_UNCATEGORIZED_387-result.txt
   781	      1 VCONFKEY_UNCATEGORIZED_388-result.txt
   782	      1 VCONFKEY_UNCATEGORIZED_389-result.txt
   783	      1 VCONFKEY_UNCATEGORIZED_39-result.txt
   784	      1 VCONFKEY_UNCATEGORIZED_390-result.txt
   785	      1 VCONFKEY_UNCATEGORIZED_391-result.txt
   786	      1 VCONFKEY_UNCATEGORIZED_392-result.txt
   787	      1 VCONFKEY_UNCATEGORIZED_393-result.txt
   788	      1 VCONFKEY_UNCATEGORIZED_394-result.txt
   789	      1 VCONFKEY_UNCATEGORIZED_395-result.txt
   790	      1 VCONFKEY_UNCATEGORIZED_396-result.txt
   791	      1 VCONFKEY_UNCATEGORIZED_397-result.txt
   792	      1 VCONFKEY_UNCATEGORIZED_40-result.txt
   793	      1 VCONFKEY_UNCATEGORIZED_41-result.txt
   794	      1 VCONFKEY_UNCATEGORIZED_42-result.txt
   795	      1 VCONFKEY_UNCATEGORIZED_43-result.txt
   796	      1 VCONFKEY_UNCATEGORIZED_44-result.txt
   797	      1 VCONFKEY_UNCATEGORIZED_45-result.txt
   798	      1 VCONFKEY_UNCATEGORIZED_46-result.txt
   799	      1 VCONFKEY_UNCATEGORIZED_47-result.txt
   800	      1 VCONFKEY_UNCATEGORIZED_48-result.txt
   801	      1 VCONFKEY_UNCATEGORIZED_49-result.txt
   802	      1 VCONFKEY_UNCATEGORIZED_50-result.txt
   803	      1 VCONFKEY_UNCATEGORIZED_51-result.txt
   804	      1 VCONFKEY_UNCATEGORIZED_52-result.txt
   805	      1 VCONFKEY_UNCATEGORIZED_53-result.txt
   806	      1 VCONFKEY_UNCATEGORIZED_54-result.txt
   807	      1 VCONFKEY_UNCATEGORIZED_55-result.txt
   808	      1 VCONFKEY_UNCATEGORIZED_56-result.txt
   809	      1 VCONFKEY_UNCATEGORIZED_57-result.txt
   810	      1 VCONFKEY_UNCATEGORIZED_58-result.txt
   811	      1 VCONFKEY_UNCATEGORIZED_59-result.txt
   812	      1 VCONFKEY_UNCATEGORIZED_60-result.txt
   813	      1 VCONFKEY_UNCATEGORIZED_61-result.txt
   814	      1 VCONFKEY_UNCATEGORIZED_62-result.txt
   815	      1 VCONFKEY_UNCATEGORIZED_63-result.txt
   816	      1 VCONFKEY_UNCATEGORIZED_64-result.txt
   817	      1 VCONFKEY_UNCATEGORIZED_65-result.txt
   818	      1 VCONFKEY_UNCATEGORIZED_68-result.txt
   819	      1 VCONFKEY_UNCATEGORIZED_69-result.txt
   820	      1 VCONFKEY_UNCATEGORIZED_70-result.txt
   821	      1 VCONFKEY_UNCATEGORIZED_71-result.txt
   822	      1 VCONFKEY_UNCATEGORIZED_72-result.txt
   823	      1 VCONFKEY_UNCATEGORIZED_74-result.txt
   824	      1 VCONFKEY_UNCATEGORIZED_75-result.txt
   825	      1 VCONFKEY_UNCATEGORIZED_76-result.txt
   826	      1 VCONFKEY_UNCATEGORIZED_78-result.txt
   827	      1 VCONFKEY_UNCATEGORIZED_79-result.txt
   828	      1 VCONFKEY_UNCATEGORIZED_80-result.txt
   829	      1 VCONFKEY_UNCATEGORIZED_82-result.txt
   830	      1 VCONFKEY_UNCATEGORIZED_85-result.txt
   831	      1 VCONFKEY_UNCATEGORIZED_86-result.txt
   832	      1 VCONFKEY_UNCATEGORIZED_87-result.txt
   833	      1 VCONFKEY_UNCATEGORIZED_88-result.txt
   834	      1 VCONFKEY_UNCATEGORIZED_89-result.txt
   835	      1 VCONFKEY_UNCATEGORIZED_90-result.txt
   836	      1 VCONFKEY_UNCATEGORIZED_91-result.txt
   837	      1 VCONFKEY_UNCATEGORIZED_92-result.txt
   838	      1 VCONFKEY_UNCATEGORIZED_93-result.txt
   839	      1 VCONFKEY_UNCATEGORIZED_94-result.txt
   840	      1 VCONFKEY_UNCATEGORIZED_95-result.txt
   841	      1 VCONFKEY_UNCATEGORIZED_96-result.txt
   842	      1 VCONFKEY_UNCATEGORIZED_97-result.txt
   843	      1 VCONFKEY_UNCATEGORIZED_98-result.txt
   844	      1 VCONFKEY_UNCATEGORIZED_99-result.txt
   845	      1 VCONFKEY_USB_ACCESSORY_STATUS-result.txt
   846	      1 VCONFKEY_USB_ACCESSORY_STATUS_CONNECTED-result.txt
   847	      1 VCONFKEY_USB_ACCESSORY_STATUS_DISCONNECTED-result.txt
   848	      1 VCONFKEY_USB_KEEP_ETHERNET-result.txt
   849	      1 VCONFKEY_USB_KEEP_ETHERNET_SET-result.txt
   850	      1 VCONFKEY_USB_KEEP_ETHERNET_UNSET-result.txt
   851	      1 VCONFKEY_USB_STORAGE_STATUS-result.txt
   852	      1 VCONFKEY_USB_STORAGE_STATUS_OFF-result.txt
   853	      1 VCONFKEY_USB_STORAGE_STATUS_UMS_MMC_ON-result.txt
   854	      1 VCONFKEY_USB_STORAGE_STATUS_UMS_ON-result.txt
   855	      1 VCONFKEY_USER_SERVICE_READY-result.txt
   856	      1 VCONFKEY_VOICERECORDER_OFF-result.txt
   857	      1 VCONFKEY_VOICERECORDER_PAUSED-result.txt
   858	      1 VCONFKEY_VOICERECORDER_READY-result.txt
   859	      1 VCONFKEY_VOICERECORDER_RECORDING_NAME-result.txt
   860	      1 VCONFKEY_VOICERECORDER_RECORDING_SIZE-result.txt
   861	      1 VCONFKEY_VOICERECORDER_RECORDING_TIME-result.txt
   862	      1 VCONFKEY_VOICERECORDER_STATE_MAX-result.txt
   863	      1 VCONFKEY_WALLPAPER_CHANGED_NOTI_HM-result.txt
   864	      1 VCONFKEY_WALLPAPER_CHANGED_NOTI_NONE-result.txt
   865	      1 VCONFKEY_WEBKIT_USER_AGENT-result.txt
   866	      1 VCONFKEY_WIFI_BSSID_ADDRESS-result.txt
   867	      1 VCONFKEY_WIFI_DIRECT_RECEIVING_IDLE-result.txt
   868	      1 VCONFKEY_WIFI_DIRECT_RECEIVING_IN_PROGRESS-result.txt
   869	      1 VCONFKEY_WIFI_DIRECT_SENDING_IDLE-result.txt
   870	      1 VCONFKEY_WIFI_DIRECT_SENDING_IN_PROGRESS-result.txt
   871	      1 VCONFKEY_WIFI_DIRECT_TRANSFER_FAIL-result.txt
   872	      1 VCONFKEY_WIFI_DIRECT_TRANSFER_FINISH-result.txt
   873	      1 VCONFKEY_WIFI_QS_CANCEL-result.txt
   874	      1 VCONFKEY_WIFI_QS_EXIT-result.txt
   875	      1 VCONFKEY_WIFI_UG_RUN_STATE_MAX-result.txt
   876	      1 VCONFKEY_WIFI_UG_RUN_STATE_NUL-result.txt
   877	      1 VCONFKEY_WMS_APPS_ORDER-result.txt
   878	      1 VCONFKEY_WMS_CLOCKS_SET_IDLE-result.txt
   879	      1 VCONFKEY_WMS_FAVORITE_ORDER-result.txt
   880	      1 VCONFKEY_WMS_POWERKEY_DOUBLE_PRESSING-result.txt
   881	      1 VCONFKEY_WMS_SMART_RELAY-result.txt
   882	      1 VCONFKEY_XV_STATE_NULL-result.txt
   883	      1 VCONFKEY_XV_STATE_PAUSED-result.txt
   884	      1 VCONFKEY_XV_STATE_PLAYING-result.txt
   885	      1 VCONFKEY_XV_STATE_READY-result.txt
   886	      1 VCONFKEY_XV_STATE_SEEK-result.txt
   887	      2 VCONFKEY_ACCOUNT_SYNC_ALL_STATUS_INT-result.txt
   888	      2 VCONFKEY_ADMIN_UAGENT-result.txt
   889	      2 VCONFKEY_AIL_INFO_STATE-result.txt
   890	      2 VCONFKEY_BT_HEADSET_SCO-result.txt
   891	      2 VCONFKEY_CISSAPPL_DOCOMO_INTL_DIAL_AUTO_CONVERSION_BOOL-result.txt
   892	      2 VCONFKEY_CISSAPPL_DOCOMO_INTL_DIAL_COUNTRY_NAME_STR-result.txt
   893	      2 VCONFKEY_CISSAPPL_DOCOMO_INTL_DIAL_COUNTRY_PREFIX_STR-result.txt
   894	      2 VCONFKEY_CISSAPPL_DOCOMO_INTL_PREFIX_CODE_STR-result.txt
   895	      2 VCONFKEY_CISSAPPL_DOCOMO_INTL_PREFIX_NAME_STR-result.txt
   896	      2 VCONFKEY_CISSAPPL_PREFIX_DIAL_INT-result.txt
   897	      2 VCONFKEY_CISSAPPL_PREFIX_DIAL_VALUE_INT-result.txt
   898	      2 VCONFKEY_CISSAPPL_SHOW_MY_NUMBER_INT-result.txt
   899	      2 VCONFKEY_CONTACTS_SVC_NAME_DISPLAY_ORDER-result.txt
   900	      2 VCONFKEY_CONTACTS_SVC_NAME_SORTING_ORDER-result.txt
   901	      2 VCONFKEY_CSC_CONFIG_MODE_RUNNING-result.txt
   902	      2 VCONFKEY_CSC_COUNTRY_ISO-result.txt
   903	      2 VCONFKEY_DNET_TRANSFER-result.txt
   904	      2 VCONFKEY_DUALSIM_SELECT_UNKNOW-result.txt
   905	      2 VCONFKEY_DUALSIM_VOICE_CALL_ASK_ALWAYS-result.txt
   906	      2 VCONFKEY_DUALSIM_VOICE_CALL_CURRENT_NETWORK-result.txt
   907	      2 VCONFKEY_DUALSIM_VOICE_CALL_INT-result.txt
   908	      2 VCONFKEY_DUALSIM_VOICE_CALL_SIM1-result.txt
   909	      2 VCONFKEY_DUALSIM_VOICE_CALL_SIM2-result.txt
   910	      2 VCONFKEY_FACTORY_CALL_CONNECT_STATE-result.txt
   911	      2 VCONFKEY_FACTORY_CALL_DISCONNECTED-result.txt
   912	      2 VCONFKEY_FILEMANAGER_MMC_LOADED-result.txt
   913	      2 VCONFKEY_ISF_ACTIVE_KEYBOARD_UUID-result.txt
   914	      2 VCONFKEY_LOCATION_MANUAL_ALTITUDE-result.txt
   915	      2 VCONFKEY_LOCATION_MANUAL_LATITUDE-result.txt
   916	      2 VCONFKEY_LOCATION_MANUAL_LONGITUDE-result.txt
   917	      2 VCONFKEY_LOCATION_NMEA_FILE_NAME-result.txt
   918	      2 VCONFKEY_LOCATION_WPS_SEARCHING-result.txt
   919	      2 VCONFKEY_MESSAGE_NETWORK_MODE-result.txt
   920	      2 VCONFKEY_MOBEX_ENGINE_CONNECTION_METHOD_INT-result.txt
   921	      2 VCONFKEY_MOBEX_ENGINE_STATUS_SYNC_START-result.txt
   922	      2 VCONFKEY_MOBEX_ENGIN_NONE-result.txt
   923	      2 VCONFKEY_MOBEX_ENGIN_USB-result.txt
   924	      2 VCONFKEY_NFC_PREDEFINED_ITEM_ON-result.txt
   925	      2 VCONFKEY_NFC_SBEAM_ON-result.txt
   926	      2 VCONFKEY_NFC_SE_POLICY_ESE_OFF-result.txt
   927	      2 VCONFKEY_NFC_SE_POLICY_ESE_ON-result.txt
   928	      2 VCONFKEY_NFC_SE_POLICY_NONE-result.txt
   929	      2 VCONFKEY_NFC_SE_POLICY_UICC_OFF-result.txt
   930	      2 VCONFKEY_NFC_SE_POLICY_UICC_ON-result.txt
   931	      2 VCONFKEY_NFC_STATE_ON-result.txt
   932	      2 VCONFKEY_PACKET_NORMAL-result.txt
   933	      2 VCONFKEY_PACKET_RX-result.txt
   934	      2 VCONFKEY_PACKET_RXTX-result.txt
   935	      2 VCONFKEY_PACKET_TX-result.txt
   936	      2 VCONFKEY_PM_LCDOFF_BY_TIMEOUT-result.txt
   937	      2 VCONFKEY_PWLOCK_FIRST_BOOT-result.txt
   938	      2 VCONFKEY_SETAPPL_ACCESSIBILITY_POWER_KEY_HOLD-result.txt
   939	      2 VCONFKEY_SETAPPL_ACCESSIBILITY_SPEAK_PASSWD_BOOL-result.txt
   940	      2 VCONFKEY_SETAPPL_ACCESSORY_AUDIO_OUTPUT-result.txt
   941	      2 VCONFKEY_SETAPPL_ACCESSORY_DOCK_SOUND-result.txt
   942	      2 VCONFKEY_SETAPPL_BLOCKINGMODE_ALLDAY-result.txt
   943	      2 VCONFKEY_SETAPPL_CALL_RINGTONE_PATH_WITH_RECOMMENDATION_TIME_STR-result.txt
   944	      2 VCONFKEY_SETAPPL_CALL_VIBRATION_PATTERN_INT-result.txt
   945	      2 VCONFKEY_SETAPPL_COLORBLIND_LAST_RGBCMY_STR-result.txt
   946	      2 VCONFKEY_SETAPPL_COLORBLIND_STATUS_BOOL-result.txt
   947	      2 VCONFKEY_SETAPPL_DATA_USAGE_CYCLE_INT-result.txt
   948	      2 VCONFKEY_SETAPPL_DATA_USAGE_ROAMING_STATUS-result.txt
   949	      2 VCONFKEY_SETAPPL_DEFAULT_MEM_VOICE_RECORDER_INT-result.txt
   950	      2 VCONFKEY_SETAPPL_EASYMODE_HOME_SCREEN-result.txt
   951	      2 VCONFKEY_SETAPPL_FONT_SIZE_INT-result.txt
   952	      2 VCONFKEY_SETAPPL_FONT_TYPE_INT-result.txt
   953	      2 VCONFKEY_SETAPPL_LANG_INT-result.txt
   954	      2 VCONFKEY_SETAPPL_LED_PLAYING_PATH-result.txt
   955	      2 VCONFKEY_SETAPPL_NOTI_EMAIL_ALERT_REP_TYPE_INT-result.txt
   956	      2 VCONFKEY_SETAPPL_NOTI_RINGTONE_PATH_STR-result.txt
   957	      2 VCONFKEY_SETAPPL_PERFERED_ARM_LEFT_BOOL-result.txt
   958	      2 VCONFKEY_SETAPPL_PHONE_LOCK_ATTEMPTS_LEFT_INT-result.txt
   959	      2 VCONFKEY_SETAPPL_PHONE_LOCK_TIMESTAMP_STR-result.txt
   960	      2 VCONFKEY_SETAPPL_PRIVACY_LOCK_TYPE_INT-result.txt
   961	      2 VCONFKEY_SETAPPL_PWRSV_CUSTMODE_AT-result.txt
   962	      2 VCONFKEY_SETAPPL_PWRSV_CUSTMODE_BG_COLOR-result.txt
   963	      2 VCONFKEY_SETAPPL_PWRSV_CUSTMODE_BLTIME-result.txt
   964	      2 VCONFKEY_SETAPPL_PWRSV_CUSTMODE_DISPLAY-result.txt
   965	      2 VCONFKEY_SETAPPL_PWRSV_CUSTMODE_SCREEN_VIB-result.txt
   966	      2 VCONFKEY_SETAPPL_ROAMING_NETWORK_INT-result.txt
   967	      2 VCONFKEY_SETAPPL_ROTATE_HOLD_BOOL-result.txt
   968	      2 VCONFKEY_SETAPPL_SELECTED_NUM-result.txt
   969	      2 VCONFKEY_SETAPPL_SIM_LOCK_ATTEMPTS_LEFT_INT-result.txt
   970	      2 VCONFKEY_SETAPPL_SIM_LOCK_TIMESTAMP_STR-result.txt
   971	      2 VCONFKEY_SETAPPL_SMARTSCREEN_SMARTROTATE_STATUS_REMINDER-result.txt
   972	      2 VCONFKEY_SETAPPL_SMARTSCREEN_SMARTSTAY_STATUS_REMINDER-result.txt
   973	      2 VCONFKEY_SETAPPL_SOUND_BALANCE_INT-result.txt
   974	      2 VCONFKEY_SETAPPL_STATE_EXPIRY_REMINDER_BOOL-result.txt
   975	      2 VCONFKEY_SETAPPL_STATE_POWER_ON_LOCK_BOOL-result.txt
   976	      2 VCONFKEY_SETAPPL_STATE_SIMPLE_PASSWORD_BOOL-result.txt
   977	      2 VCONFKEY_SETAPPL_STATE_TRANSACTION_TRACKING_BOOL-result.txt
   978	      2 VCONFKEY_SETAPPL_UPSM_DO_NOT_SHOW_DISCLAIMER-result.txt
   979	      2 VCONFKEY_SETAPPL_USB_OTG_MODE-result.txt
   980	      2 VCONFKEY_SETAPPL_WALLPAPER_CHANGED_NOTI_INT-result.txt
   981	      2 VCONFKEY_SETAPPL_WEEKOFDAY_FORMAT_INT-result.txt
   982	      2 VCONFKEY_SYSMAN_HDMI_DISCONNECTED-result.txt
   983	      2 VCONFKEY_SYSMAN_MMC_FORMAT_COMPLETED-result.txt
   984	      2 VCONFKEY_SYSMAN_MMC_MOUNT_ALREADY-result.txt
   985	      2 VCONFKEY_SYSMAN_MMC_MOUNT_COMPLETED-result.txt
   986	      2 VCONFKEY_SYSMAN_SLIDING_KEYBOARD-result.txt
   987	      2 VCONFKEY_TELEPHONY_DISP_SPN_PLMN-result.txt
   988	      2 VCONFKEY_TELEPHONY_IMEI-result.txt
   989	      2 VCONFKEY_TELEPHONY_PSTYPE_HSPAP-result.txt
   990	      2 VCONFKEY_TELEPHONY_ROAM_ICON_OFF-result.txt
   991	      2 VCONFKEY_TELEPHONY_RSSI_4-result.txt
   992	      2 VCONFKEY_TELEPHONY_RSSI_5-result.txt
   993	      2 VCONFKEY_TELEPHONY_SIM_STATUS_CARD_REMOVED-result.txt
   994	      2 VCONFKEY_TELEPHONY_SIM_STATUS_CCK_REQUIRED-result.txt
   995	      2 VCONFKEY_TELEPHONY_SIM_STATUS_INITIALIZING-result.txt
   996	      2 VCONFKEY_TELEPHONY_SIM_STATUS_NCK_REQUIRED-result.txt
   997	      2 VCONFKEY_TELEPHONY_SIM_STATUS_NSCK_REQUIRED-result.txt
   998	      2 VCONFKEY_TELEPHONY_SIM_STATUS_PIN_REQUIRED-result.txt
   999	      2 VCONFKEY_TELEPHONY_SIM_STATUS_PUK_REQUIRED-result.txt
  1000	      2 VCONFKEY_TELEPHONY_SIM_STATUS_SIM_LOCK_REQUIRED-result.txt
  1001	      2 VCONFKEY_TELEPHONY_SIM_STATUS_SPCK_REQUIRED-result.txt
  1002	      2 VCONFKEY_TELEPHONY_SIM_STATUS_UNKNOWN-result.txt
  1003	      2 VCONFKEY_TELEPHONY_SVCTYPE_EMERGENCY-result.txt
  1004	      2 VCONFKEY_TELEPHONY_SVCTYPE_HSDPA-result.txt
  1005	      2 VCONFKEY_TELEPHONY_SVC_ACT-result.txt
  1006	      2 VCONFKEY_TELEPHONY_SVC_PS_UNKNOWN-result.txt
  1007	      2 VCONFKEY_TESTMODE_AUTO_ANSWER-result.txt
  1008	      2 VCONFKEY_WALLPAPER_CHANGED_NOTI_GEAR-result.txt
  1009	      2 VCONFKEY_WIFI_DIRECT_TRANSFER_START-result.txt
  1010	      2 VCONFKEY_WIFI_STATE_MAX-result.txt
  1011	      2 VCONFKEY_WIFI_UG_RUN_STATE_OFF-result.txt
  1012	      2 VCONFKEY_WIFI_UG_RUN_STATE_ON_BACKGROUND-result.txt
  1013	      3 VCONFKEY_ACCOUNT_AUTO_SYNC_STATUS_INT-result.txt
  1014	      3 VCONFKEY_ADMIN_GCF_TEST-result.txt
  1015	      3 VCONFKEY_ALARM_VOLUME_POPUP_ENABLE-result.txt
  1016	      3 VCONFKEY_BT_DUT_MODE-result.txt
  1017	      3 VCONFKEY_BT_HEADSET_NAME-result.txt
  1018	      3 VCONFKEY_CALL_VOLUME_LEVEL-result.txt
  1019	      3 VCONFKEY_CAMERA_FLASH_STATE_ON-result.txt
  1020	      3 VCONFKEY_CAMERA_SHUTTER_SOUND_POLICY_OFF-result.txt
  1021	      3 VCONFKEY_CAMERA_STATE_RECORDING_PAUSE-result.txt
  1022	      3 VCONFKEY_CISSAPPL_CALL_SOUND_BOOL-result.txt
  1023	      3 VCONFKEY_COMPANION_GPS_ENABLED-result.txt
  1024	      3 VCONFKEY_COMPANION_WPS_ENABLED-result.txt
  1025	      3 VCONFKEY_CSC_SALESCODE-result.txt
  1026	      3 VCONFKEY_DNET_NORMAL_CONNECTED-result.txt
  1027	      3 VCONFKEY_DNET_SECURE_CONNECTED-result.txt
  1028	      3 VCONFKEY_ISE_KEYSOUND-result.txt
  1029	      3 VCONFKEY_ISF_INPUT_PANEL_STATE_WILL_HIDE-result.txt
  1030	      3 VCONFKEY_ISF_INPUT_PANEL_STATE_WILL_SHOW-result.txt
  1031	      3 VCONFKEY_LOCATION_GPS_CONNECTED-result.txt
  1032	      3 VCONFKEY_LOCATION_LAST_GPS_ALTITUDE-result.txt
  1033	      3 VCONFKEY_LOCATION_LAST_GPS_DIRECTION-result.txt
  1034	      3 VCONFKEY_LOCATION_LAST_GPS_HOR_ACCURACY-result.txt
  1035	      3 VCONFKEY_LOCATION_LAST_GPS_LATITUDE-result.txt
  1036	      3 VCONFKEY_LOCATION_LAST_GPS_LONGITUDE-result.txt
  1037	      3 VCONFKEY_LOCATION_LAST_GPS_SPEED-result.txt
  1038	      3 VCONFKEY_LOCATION_LAST_GPS_VER_ACCURACY-result.txt
  1039	      3 VCONFKEY_LOCATION_LAST_WPS_ALTITUDE-result.txt
  1040	      3 VCONFKEY_LOCATION_LAST_WPS_DIRECTION-result.txt
  1041	      3 VCONFKEY_LOCATION_LAST_WPS_HOR_ACCURACY-result.txt
  1042	      3 VCONFKEY_LOCATION_LAST_WPS_LATITUDE-result.txt
  1043	      3 VCONFKEY_LOCATION_LAST_WPS_LONGITUDE-result.txt
  1044	      3 VCONFKEY_LOCATION_LAST_WPS_SPEED-result.txt
  1045	      3 VCONFKEY_MESSAGE_RECV_MMS_STATE-result.txt
  1046	      3 VCONFKEY_MESSAGE_RECV_SMS_STATE-result.txt
  1047	      3 VCONFKEY_MOBILE_HOTSPOT_HIDE-result.txt
  1048	      3 VCONFKEY_MOBILE_HOTSPOT_SECURITY-result.txt
  1049	      3 VCONFKEY_NETWORK_CELLULAR_NO_SERVICE-result.txt
  1050	      3 VCONFKEY_NFC_FEATURE_OFF-result.txt
  1051	      3 VCONFKEY_NFC_NONE_BY_FLIGHT-result.txt
  1052	      3 VCONFKEY_NFC_OFF_BY_FLIGHT-result.txt
  1053	      3 VCONFKEY_ODE_FAST_ENCRYPTION-result.txt
  1054	      3 VCONFKEY_PM_CAMERA_ON-result.txt
  1055	      3 VCONFKEY_PM_CUSTOM_BRIGHTNESS_STATUS-result.txt
  1056	      3 VCONFKEY_PM_LCDOFF_BY_POWERKEY-result.txt
  1057	      3 VCONFKEY_RECORDER_PID-result.txt
  1058	      3 VCONFKEY_SETAPPL_ACCESSIBILITY_DARK_SCREEN-result.txt
  1059	      3 VCONFKEY_SETAPPL_ACCESSIBILITY_LED_NOTIFY-result.txt
  1060	      3 VCONFKEY_SETAPPL_ACCESSIBILITY_MONO_AUDIO-result.txt
  1061	      3 VCONFKEY_SETAPPL_ACCESSIBILITY_SCREEN_ZOOM-result.txt
  1062	      3 VCONFKEY_SETAPPL_BM_END_HOUR-result.txt
  1063	      3 VCONFKEY_SETAPPL_BM_END_MIN-result.txt
  1064	      3 VCONFKEY_SETAPPL_BM_INTER_ALARM_AND_TIMER-result.txt
  1065	      3 VCONFKEY_SETAPPL_BM_INTER_INCOMING_CALL-result.txt
  1066	      3 VCONFKEY_SETAPPL_BM_INTER_LED_INDICATOR-result.txt
  1067	      3 VCONFKEY_SETAPPL_BM_INTER_NOTIFICATIONS-result.txt
  1068	      3 VCONFKEY_SETAPPL_BM_START_HOUR-result.txt
  1069	      3 VCONFKEY_SETAPPL_BM_START_MIN-result.txt
  1070	      3 VCONFKEY_SETAPPL_CALL_RINGTONE_SOUND_VOLUME_INT-result.txt
  1071	      3 VCONFKEY_SETAPPL_DEFAULT_RENDERING_ENGINE_TYPE_INT-result.txt
  1072	      3 VCONFKEY_SETAPPL_EASY_TOUCH_MODE_BOOL-result.txt
  1073	      3 VCONFKEY_SETAPPL_EMERGENCY_LCD_TIMEOUT_INT-result.txt
  1074	      3 VCONFKEY_SETAPPL_MOBILE_DATA_POPUP_DONE-result.txt
  1075	      3 VCONFKEY_SETAPPL_MOST_RECENTLY_SETTING-result.txt
  1076	      3 VCONFKEY_SETAPPL_NOTI_RINGTONE_DEFAULT_PATH_STR-result.txt
  1077	      3 VCONFKEY_SETAPPL_OPEN_VIA_MULTI-result.txt
  1078	      3 VCONFKEY_SETAPPL_ROTATE_LOCK_BOOL-result.txt
  1079	      3 VCONFKEY_SETAPPL_SCREENROTATION_DEG_INT-result.txt
  1080	      3 VCONFKEY_SETAPPL_STATE_DATA_ROAMING_APP_STATUS-result.txt
  1081	      3 VCONFKEY_SETAPPL_WALLPAPER_APPLY_COLORTHEME_BOOL-result.txt
  1082	      3 VCONFKEY_SETUP_WIZARD_LOCK-result.txt
  1083	      3 VCONFKEY_SOUND_ENABLE_SAFETY_VOL-result.txt
  1084	      3 VCONFKEY_SOUND_SAFETY_VOL_FW_MMPLAYER-result.txt
  1085	      3 VCONFKEY_SOUND_VOICE_CONTROL_STATUS-result.txt
  1086	      3 VCONFKEY_SYSMAN_EARJACK_TVOUT-result.txt
  1087	      3 VCONFKEY_SYSMAN_HDMI_CONNECTED-result.txt
  1088	      3 VCONFKEY_SYSMAN_MMC_MOUNT_FAILED-result.txt
  1089	      3 VCONFKEY_SYSMAN_USB_CONNECTED-result.txt
  1090	      3 VCONFKEY_SYSTEM_TIMECHANGE_EXTERNAL-result.txt
  1091	      3 VCONFKEY_TELEPHONY_CALL_FORWARD_STATE-result.txt
  1092	      3 VCONFKEY_TELEPHONY_DAEMON_LOAD_COUNT-result.txt
  1093	      3 VCONFKEY_TELEPHONY_DB_DEFAULT_SUBS-result.txt
  1094	      3 VCONFKEY_TELEPHONY_DISP_PLMN-result.txt
  1095	      3 VCONFKEY_TELEPHONY_PRIVATE_MODEM_STATE-result.txt
  1096	      3 VCONFKEY_TELEPHONY_PRIVATE_PDP_LAST_CONNECTED_CONTEXT-result.txt
  1097	      3 VCONFKEY_TELEPHONY_PRIVATE_PDP_LAST_CONNECTED_CONTEXT_PLMN-result.txt
  1098	      3 VCONFKEY_TELEPHONY_PRIVATE_PDP_LAST_CONNECTED_CONTEXT_PROFILE_ID-result.txt
  1099	      3 VCONFKEY_TELEPHONY_ROAM_ICON_MODE-result.txt
  1100	      3 VCONFKEY_TELEPHONY_SIM_PB_INIT_NONE-result.txt
  1101	      3 VCONFKEY_TELEPHONY_SIM_STATUS_CARD_BLOCKED-result.txt
  1102	      3 VCONFKEY_TELEPHONY_SIM_STATUS_CARD_CRASHED-result.txt
  1103	      3 VCONFKEY_TELEPHONY_SIM_STATUS_CARD_ERROR-result.txt
  1104	      3 VCONFKEY_TELEPHONY_SIM_STATUS_CARD_NOT_PRESENT-result.txt
  1105	      3 VCONFKEY_TELEPHONY_SVC_CS_ON-result.txt
  1106	      3 VCONFKEY_TESTMODE_FAST_DORMANCY-result.txt
  1107	      3 VCONFKEY_TESTMODE_FAST_DORMANCY2-result.txt
  1108	      3 VCONFKEY_USB_CUR_MODE-result.txt
  1109	      3 VCONFKEY_WFD_WEB_VIDEO_PLAYER_PLAY-result.txt
  1110	      3 VCONFKEY_WFD_WEB_VIDEO_PLAYER_STOP-result.txt
  1111	      3 VCONFKEY_WIFI_DIRECT_TRANSFER_STATE-result.txt
  1112	      3 VCONFKEY_WIFI_QS_WIFI_CONNECTED-result.txt
  1113	      3 VCONFKEY_WIFI_TRANSFER-result.txt
  1114	      3 VCONFKEY_WIFI_TRANSFER_STATE_NONE-result.txt
  1115	      3 VCONFKEY_WIFI_TRANSFER_STATE_RX-result.txt
  1116	      3 VCONFKEY_WIFI_TRANSFER_STATE_TX-result.txt
  1117	      3 VCONFKEY_WIFI_TRANSFER_STATE_TXRX-result.txt
  1118	      4 VCONFKEY_ALARM_RINGING-result.txt
  1119	      4 VCONFKEY_CALL_STATE_MAX-result.txt
  1120	      4 VCONFKEY_CAMERA_SHUTTER_SOUND_POLICY_ON-result.txt
  1121	      4 VCONFKEY_CISSAPPL_PREFIX_DIAL_NUM2_STR-result.txt
  1122	      4 VCONFKEY_CISSAPPL_PREFIX_DIAL_NUM3_STR-result.txt
  1123	      4 VCONFKEY_CISSAPPL_PREFIX_DIAL_NUM4_STR-result.txt
  1124	      4 VCONFKEY_CISSAPPL_PREFIX_DIAL_NUM5_STR-result.txt
  1125	      4 VCONFKEY_CISSAPPL_SIM1_PREFIX_DIAL_NUM1_STR-result.txt
  1126	      4 VCONFKEY_CISSAPPL_SIM2_PREFIX_DIAL_NUM1_STR-result.txt
  1127	      4 VCONFKEY_CONTACTS_SVC_PHONENUMBER_MIN_MATCH_DIGIT-result.txt
  1128	      4 VCONFKEY_DOWNLOAD_MANAGER_STATE-result.txt
  1129	      4 VCONFKEY_DOWNLOAD_SERVICE_STATE-result.txt
  1130	      4 VCONFKEY_FILEMANAGER_DB_UPDATING-result.txt
  1131	      4 VCONFKEY_FILEMANAGER_MMC_LOADING-result.txt
  1132	      4 VCONFKEY_FMMLOCK_STATE-result.txt
  1133	      4 VCONFKEY_FMM_STATE_LOCK-result.txt
  1134	      4 VCONFKEY_ISF_INPUT_PANEL_STATE_HIDE-result.txt
  1135	      4 VCONFKEY_ISF_INPUT_PANEL_STATE_SHOW-result.txt
  1136	      4 VCONFKEY_LOCATION_GPS_OFF-result.txt
  1137	      4 VCONFKEY_LOCATION_LAST_GPS_TIMESTAMP-result.txt
  1138	      4 VCONFKEY_LOCATION_LAST_WPS_TIMESTAMP-result.txt
  1139	      4 VCONFKEY_LOCATION_NV_LAST_GPS_LOCATION-result.txt
  1140	      4 VCONFKEY_LOCATION_NV_LAST_GPS_TIMESTAMP-result.txt
  1141	      4 VCONFKEY_LOCATION_NV_LAST_WPS_LOCATION-result.txt
  1142	      4 VCONFKEY_MDM_POLICY_TEXT-result.txt
  1143	      4 VCONFKEY_MIRACAST_WFD_SOURCE_STATUS-result.txt
  1144	      4 VCONFKEY_NETWORK_CELLULAR_3G_OPTION_OFF-result.txt
  1145	      4 VCONFKEY_NETWORK_CELLULAR_PKT_TOTAL_RCV2-result.txt
  1146	      4 VCONFKEY_NETWORK_CELLULAR_PKT_TOTAL_SNT2-result.txt
  1147	      4 VCONFKEY_NETWORK_CELLULAR_ROAMING_OFF-result.txt
  1148	      4 VCONFKEY_NETWORK_ETHERNET-result.txt
  1149	      4 VCONFKEY_NFC_FEATURE_ON-result.txt
  1150	      4 VCONFKEY_NFC_PREDEFINED_ITEM-result.txt
  1151	      4 VCONFKEY_NFC_PREDEFINED_ITEM_OFF-result.txt
  1152	      4 VCONFKEY_NFC_STATE_OFF-result.txt
  1153	      4 VCONFKEY_NFC_STATE_OFF_BY_FLIGHT-result.txt
  1154	      4 VCONFKEY_NFC_WALLET_MODE_AUTOMATIC-result.txt
  1155	      4 VCONFKEY_ODE_ENCRYPT_PROGRESS-result.txt
  1156	      4 VCONFKEY_PM_KEY_LOCK-result.txt
  1157	      4 VCONFKEY_PM_STATE_LCDDIM-result.txt
  1158	      4 VCONFKEY_POPSYNC_ACTIVATED_KEY-result.txt
  1159	      4 VCONFKEY_POPSYNC_COPY_EVENT_SET_KEY-result.txt
  1160	      4 VCONFKEY_RECORDER_STATE_RECORDING_PAUSE-result.txt
  1161	      4 VCONFKEY_SETAPPL_ACCESSIBILITY_RAPID_KEY_INPUT-result.txt
  1162	      4 VCONFKEY_SETAPPL_BLOCKINGMODE_ALLOWED_CONTACT_LIST-result.txt
  1163	      4 VCONFKEY_SETAPPL_BLOCKINGMODE_ALLOWED_CONTACT_TYPE-result.txt
  1164	      4 VCONFKEY_SETAPPL_CALL_RINGTONE_DEFAULT_PATH_STR-result.txt
  1165	      4 VCONFKEY_SETAPPL_CALL_VIBRATION_LEVEL_INT-result.txt
  1166	      4 VCONFKEY_SETAPPL_DATA_LIMIT_INT-result.txt
  1167	      4 VCONFKEY_SETAPPL_DEFAULT_MEM_DOWNLOAD_APPLICATION_INT-result.txt
  1168	      4 VCONFKEY_SETAPPL_DEFAULT_MEM_DOWNLOAD_CONTENTS_INT-result.txt
  1169	      4 VCONFKEY_SETAPPL_DEFAULT_MEM_DOWNLOAD_INT-result.txt
  1170	      4 VCONFKEY_SETAPPL_DEFAULT_MEM_DOWNLOAD_NFC_INT-result.txt
  1171	      4 VCONFKEY_SETAPPL_DEFAULT_MEM_WIFI_DIRECT_INT-result.txt
  1172	      4 VCONFKEY_SETAPPL_DEVELOPER_OPTION_STATE-result.txt
  1173	      4 VCONFKEY_SETAPPL_FIREWALL_KEY-result.txt
  1174	      4 VCONFKEY_SETAPPL_LANG_AUTOMATIC_BOOL-result.txt
  1175	      4 VCONFKEY_SETAPPL_PANNING_BROWSER_SENSITIVITY-result.txt
  1176	      4 VCONFKEY_SETAPPL_SCREEN_CAPTURE_DESTINATION-result.txt
  1177	      4 VCONFKEY_SETAPPL_STATE_TICKER_NOTI_FACEBOOK_BOOL-result.txt
  1178	      4 VCONFKEY_SETAPPL_STATE_TICKER_NOTI_IM_BOOL-result.txt
  1179	      4 VCONFKEY_SETAPPL_STATE_TICKER_NOTI_TWITTER_BOOL-result.txt
  1180	      4 VCONFKEY_SETAPPL_USE_MUTE_PAUSE-result.txt
  1181	      4 VCONFKEY_SYSMAN_BAT_LEVEL_CRITICAL-result.txt
  1182	      4 VCONFKEY_SYSMAN_BAT_LEVEL_EMPTY-result.txt
  1183	      4 VCONFKEY_SYSMAN_BAT_LEVEL_FULL-result.txt
  1184	      4 VCONFKEY_SYSMAN_BAT_LEVEL_HIGH-result.txt
  1185	      4 VCONFKEY_SYSMAN_BAT_LEVEL_LOW-result.txt
  1186	      4 VCONFKEY_SYSMAN_EARJACK_3WIRE-result.txt
  1187	      4 VCONFKEY_SYSMAN_EARJACK_4WIRE-result.txt
  1188	      4 VCONFKEY_SYSMAN_MMC_FORMAT-result.txt
  1189	      4 VCONFKEY_SYSMAN_POWER_OFF_NONE-result.txt
  1190	      4 VCONFKEY_TELEPHONY_CALL_FORWARD_ON-result.txt
  1191	      4 VCONFKEY_TELEPHONY_CALL_STATE-result.txt
  1192	      4 VCONFKEY_TELEPHONY_DISP_SPN-result.txt
  1193	      4 VCONFKEY_TELEPHONY_PREFERRED_VOICE_SUBSCRIPTION-result.txt
  1194	      4 VCONFKEY_TELEPHONY_PRIVATE_MODEM_ON_COUNT-result.txt
  1195	      4 VCONFKEY_TELEPHONY_RSSI_0-result.txt
  1196	      4 VCONFKEY_TELEPHONY_SVCTYPE_2_5G-result.txt
  1197	      4 VCONFKEY_TELEPHONY_SVCTYPE_NOSVC-result.txt
  1198	      4 VCONFKEY_TELEPHONY_SVC_CS_UNKNOWN-result.txt
  1199	      4 VCONFKEY_TELEPHONY_SVC_ROAM_OFF-result.txt
  1200	      4 VCONFKEY_TELEPHONY_TAPI_STATE_READY-result.txt
  1201	      4 VCONFKEY_TICKER_NOTI_BADGE_FACEBOOK-result.txt
  1202	      4 VCONFKEY_TICKER_NOTI_BADGE_IM-result.txt
  1203	      4 VCONFKEY_TICKER_NOTI_BADGE_MESSAGES-result.txt
  1204	      4 VCONFKEY_TICKER_NOTI_BADGE_TWITTER-result.txt
  1205	      4 VCONFKEY_TICKER_NOTI_DISPLAY_CONTENT_FACEBOOK-result.txt
  1206	      4 VCONFKEY_TICKER_NOTI_DISPLAY_CONTENT_TWITTER-result.txt
  1207	      4 VCONFKEY_VOICERECORDER_RECORDING-result.txt
  1208	      4 VCONFKEY_VOICERECORDER_STATE-result.txt
  1209	      4 VCONFKEY_WFD_WEB_VIDEO_PLAYER_STATE-result.txt
  1210	      4 VCONFKEY_WIFI_DIRECT_RECEIVING_STATE-result.txt
  1211	      4 VCONFKEY_WIFI_DIRECT_SENDING_STATE-result.txt
  1212	      4 VCONFKEY_WIFI_QS_3G-result.txt
  1213	      4 VCONFKEY_WIFI_QS_DISABLE-result.txt
  1214	      4 VCONFKEY_WMS_WMANAGER_CONNECTED-result.txt
  1215	      5 VCONFKEY_ALARM_STATE-result.txt
  1216	      5 VCONFKEY_BROWSER_BROWSER_USER_AGENT-result.txt
  1217	      5 VCONFKEY_BT_LE_STATUS_ON-result.txt
  1218	      5 VCONFKEY_CALL_VIDEO_ACTIVE-result.txt
  1219	      5 VCONFKEY_CALL_VIDEO_CONNECTING-result.txt
  1220	      5 VCONFKEY_CAMERA_FLASH_STATE_OFF-result.txt
  1221	      5 VCONFKEY_CAMERA_STATE_OPEN-result.txt
  1222	      5 VCONFKEY_CISSAPPL_EYE_CONTACT_BOOL-result.txt
  1223	      5 VCONFKEY_CISSAPPL_PREFIX_DIAL_BOOL-result.txt
  1224	      5 VCONFKEY_CISSAPPL_PREFIX_DIAL_NUM1_STR-result.txt
  1225	      5 VCONFKEY_CISSAPPL_VOICE_CONTROL_CHECK_ENABLED_BOOL-result.txt
  1226	      5 VCONFKEY_ISF_INPUT_LANGUAGE-result.txt
  1227	      5 VCONFKEY_LOCATION_GPS_SEARCHING-result.txt
  1228	      5 VCONFKEY_LOCATION_NMEA_LOGGING-result.txt
  1229	      5 VCONFKEY_LOCATION_NV_LAST_WPS_TIMESTAMP-result.txt
  1230	      5 VCONFKEY_LOCATION_REPLAY_MODE-result.txt
  1231	      5 VCONFKEY_LOCATION_WPS_STATE-result.txt
  1232	      5 VCONFKEY_LOCKSCREEN_CAMERA_QUICK_ACCESS-result.txt
  1233	      5 VCONFKEY_MOBILE_HOTSPOT_CONNECTED_DEVICE-result.txt
  1234	      5 VCONFKEY_NETWORK_BLUETOOTH-result.txt
  1235	      5 VCONFKEY_NETWORK_CELLULAR_PKT_LAST_RCV2-result.txt
  1236	      5 VCONFKEY_NETWORK_CELLULAR_PKT_LAST_SNT2-result.txt
  1237	      5 VCONFKEY_NETWORK_CELLULAR_PKT_TOTAL_RCV-result.txt
  1238	      5 VCONFKEY_NETWORK_CELLULAR_PKT_TOTAL_SNT-result.txt
  1239	      5 VCONFKEY_NETWORK_WIFI_CONNECTED-result.txt
  1240	      5 VCONFKEY_NETWORK_WIFI_OFF-result.txt
  1241	      5 VCONFKEY_NFC_FEATURE-result.txt
  1242	      5 VCONFKEY_PM_CAMERA_STATUS-result.txt
  1243	      5 VCONFKEY_PROVIDER_ENABLED-result.txt
  1244	      5 VCONFKEY_SDE_ENCRYPT_PROGRESS-result.txt
  1245	      5 VCONFKEY_SETAPPL_ACCESSIBILITY_TAP_HOLD_DELAY_STR-result.txt
  1246	      5 VCONFKEY_SETAPPL_DEFAULT_MEM_CAMERA_INT-result.txt
  1247	      5 VCONFKEY_SETAPPL_DEFAULT_MEM_INSTALL_APPLICATIONS_INT-result.txt
  1248	      5 VCONFKEY_SETAPPL_DEVOPTION_BGPROCESS-result.txt
  1249	      5 VCONFKEY_SETAPPL_EMERGENCY_LCD_BRIGHTNESS_INT-result.txt
  1250	      5 VCONFKEY_SETAPPL_NETWORK_MODE_INT-result.txt
  1251	      5 VCONFKEY_SETAPPL_PALM_SWIP_CAPTURE-result.txt
  1252	      5 VCONFKEY_SETAPPL_PALM_TOUCH_MUTE-result.txt
  1253	      5 VCONFKEY_SETAPPL_PANNING_SENSITIVITY-result.txt
  1254	      5 VCONFKEY_SETAPPL_SET_DATA_USAGE_LIMIT_BOOL-result.txt
  1255	      5 VCONFKEY_SETAPPL_STATE_TICKER_NOTI_EMAIL_BOOL-result.txt
  1256	      5 VCONFKEY_SETAPPL_STATE_TICKER_NOTI_MESSAGES_BOOL-result.txt
  1257	      5 VCONFKEY_SETAPPL_TILT_SENSITIVITY-result.txt
  1258	      5 VCONFKEY_SETAPPL_USB_IN_MODE_CHANGE-result.txt
  1259	      5 VCONFKEY_SETAPPL_USE_PANNING_BROWSER-result.txt
  1260	      5 VCONFKEY_SYSMAN_BAT_REAL_POWER_OFF-result.txt
  1261	      5 VCONFKEY_SYSMAN_MMC_MOUNT-result.txt
  1262	      5 VCONFKEY_TELEPHONY_DISP_INVALID-result.txt
  1263	      5 VCONFKEY_TELEPHONY_PSTYPE_HSDPA-result.txt
  1264	      5 VCONFKEY_TELEPHONY_PSTYPE_HSPA-result.txt
  1265	      5 VCONFKEY_TELEPHONY_PSTYPE_HSUPA-result.txt
  1266	      5 VCONFKEY_TELEPHONY_SIM_POWER_STATE1-result.txt
  1267	      5 VCONFKEY_TELEPHONY_SIM_POWER_STATE2-result.txt
  1268	      5 VCONFKEY_TELEPHONY_SVCTYPE_2_5G_EDGE-result.txt
  1269	      5 VCONFKEY_TELEPHONY_SVCTYPE_SEARCH-result.txt
  1270	      5 VCONFKEY_TELEPHONY_SVC_CS-result.txt
  1271	      5 VCONFKEY_TELEPHONY_SVC_PS-result.txt
  1272	      5 VCONFKEY_TELEPHONY_TAPI_STATE_NONE-result.txt
  1273	      5 VCONFKEY_TICKER_NOTI_DISPLAY_CONTENT_EMAIL-result.txt
  1274	      5 VCONFKEY_TICKER_NOTI_DISPLAY_CONTENT_IM-result.txt
  1275	      5 VCONFKEY_TICKER_NOTI_DISPLAY_CONTENT_MESSASGES-result.txt
  1276	      5 VCONFKEY_TICKER_NOTI_SOUND_EMAIL-result.txt
  1277	      5 VCONFKEY_TICKER_NOTI_SOUND_IM-result.txt
  1278	      5 VCONFKEY_TICKER_NOTI_SOUND_MESSAGES-result.txt
  1279	      5 VCONFKEY_WIFI_STRENGTH_MIN-result.txt
  1280	      5 VCONFKEY_WIFI_TRANSFER_STATE-result.txt
  1281	      5 VCONFKEY_XV_STATE-result.txt
  1282	      6 VCONFKEY_CAMERA_FLASH_STATE-result.txt
  1283	      6 VCONFKEY_CISSAPPL_EXTRA_VOL_BOOL-result.txt
  1284	      6 VCONFKEY_CISSAPPL_USE_CALL_FAIL_BOOL-result.txt
  1285	      6 VCONFKEY_DUALSIM_SELECT_SIM1_TO_SIM2-result.txt
  1286	      6 VCONFKEY_DUALSIM_SELECT_SIM2_TO_SIM1-result.txt
  1287	      6 VCONFKEY_FILEMANAGER_DB_UPDATED-result.txt
  1288	      6 VCONFKEY_MOBEX_ENGINE_STATUS_NOT_CONNECT-result.txt
  1289	      6 VCONFKEY_NETWORK_CELLULAR_PKT_LAST_RCV-result.txt
  1290	      6 VCONFKEY_NETWORK_CELLULAR_PKT_LAST_SNT-result.txt
  1291	      6 VCONFKEY_NETWORK_WIFI_NOT_CONNECTED-result.txt
  1292	      6 VCONFKEY_NETWORK_WIFI_PKT_TOTAL_RCV-result.txt
  1293	      6 VCONFKEY_NETWORK_WIFI_PKT_TOTAL_SNT-result.txt
  1294	      6 VCONFKEY_NFC_WALLET_MODE_MANUAL-result.txt
  1295	      6 VCONFKEY_PACKET_STATE-result.txt
  1296	      6 VCONFKEY_PM_STATE_SLEEP-result.txt
  1297	      6 VCONFKEY_RECORDER_STATE_NULL-result.txt
  1298	      6 VCONFKEY_SCREEN_MIRRORING_ACTIVATED-result.txt
  1299	      6 VCONFKEY_SETAPPL_CITYNAME_INDEX_INT-result.txt
  1300	      6 VCONFKEY_SETAPPL_EMERGENCY_UI_MODE-result.txt
  1301	      6 VCONFKEY_SETAPPL_PWRSV_SYSMODE_STATUS-result.txt
  1302	      6 VCONFKEY_SETAPPL_USB_CONNECTION_MODE_INT-result.txt
  1303	      6 VCONFKEY_SETAPPL_USE_DOUBLE_TAP-result.txt
  1304	      6 VCONFKEY_SETAPPL_USE_PANNING-result.txt
  1305	      6 VCONFKEY_SETAPPL_USE_SHAKE-result.txt
  1306	      6 VCONFKEY_SHOT_TIZEN_PALM_TOUCH_MUTE_ENABLED-result.txt
  1307	      6 VCONFKEY_SOUND_STATUS_AVRECORDING-result.txt
  1308	      6 VCONFKEY_SYSMAN_CHARGER_DISCONNECTED-result.txt
  1309	      6 VCONFKEY_SYSMAN_EARJACK_REMOVED-result.txt
  1310	      6 VCONFKEY_SYSMAN_LOW_MEMORY_HARD_WARNING-result.txt
  1311	      6 VCONFKEY_SYSMAN_POWER_OFF_POPUP-result.txt
  1312	      6 VCONFKEY_TELEPHONY_DB_DEFAULT_DATA_SUBS-result.txt
  1313	      6 VCONFKEY_TELEPHONY_SIM_PB_INIT-result.txt
  1314	      6 VCONFKEY_TELEPHONY_SIM_STATUS_INIT_COMPLETED-result.txt
  1315	      6 VCONFKEY_TELEPHONY_SVCTYPE_3G-result.txt
  1316	      6 VCONFKEY_TELEPHONY_SVCTYPE_LTE-result.txt
  1317	      6 VCONFKEY_TELEPHONY_SVCTYPE_NONE-result.txt
  1318	      6 VCONFKEY_TELEPHONY_SVC_ROAM_ON-result.txt
  1319	      6 VCONFKEY_TICKER_NOTI_BADGE_EMAIL-result.txt
  1320	      6 VCONFKEY_WIFI_CONNECTED-result.txt
  1321	      7 VCONFKEY_CALL_WBAMR_STATE_BOOL-result.txt
  1322	      7 VCONFKEY_CAMERA_PID-result.txt
  1323	      7 VCONFKEY_CAMERA_STATE_NULL-result.txt
  1324	      7 VCONFKEY_CISSAPPL_CALL_ANSWER_VIBRATION_BOOL-result.txt
  1325	      7 VCONFKEY_CISSAPPL_CALL_END_VIBRATION_BOOL-result.txt
  1326	      7 VCONFKEY_CISSAPPL_OWN_VIDEO_BOOL-result.txt
  1327	      7 VCONFKEY_FILEMANAGER_MMC_STATUS-result.txt
  1328	      7 VCONFKEY_LCD_TIMEOUT_NORMAL_BACKUP-result.txt
  1329	      7 VCONFKEY_MASTER_CLIENT_ADDR-result.txt
  1330	      7 VCONFKEY_MOBEX_ENGINE_STATUS_INT-result.txt
  1331	      7 VCONFKEY_NETWORK_CELLULAR-result.txt
  1332	      7 VCONFKEY_NETWORK_CELLULAR_FLIGHT_MODE-result.txt
  1333	      7 VCONFKEY_NETWORK_WIFI-result.txt
  1334	      7 VCONFKEY_RECORDER_STATE_CREATED-result.txt
  1335	      7 VCONFKEY_SCREEN_MIRRORING_DEACTIVATED-result.txt
  1336	      7 VCONFKEY_SETAPPL_ACCESSIBILITY_LOCK_TIME_INT-result.txt
  1337	      7 VCONFKEY_SETAPPL_ACCESSIBILITY_SCREEN_READER-result.txt
  1338	      7 VCONFKEY_SETAPPL_BM_ALARM_ID_END-result.txt
  1339	      7 VCONFKEY_SETAPPL_BM_ALARM_ID_START-result.txt
  1340	      7 VCONFKEY_SETAPPL_MMC_ENCRYPTION_STATUS_BOOL-result.txt
  1341	      7 VCONFKEY_SETAPPL_SELECT_OLD_NT_ACT-result.txt
  1342	      7 VCONFKEY_SETAPPL_STATE_AUTOMATIC_TIME_UPDATE_BOOL-result.txt
  1343	      7 VCONFKEY_SETAPPL_USE_TILT-result.txt
  1344	      7 VCONFKEY_SOUND_CAPTURE_STATUS-result.txt
  1345	      7 VCONFKEY_SYSMAN_BAT_FULL-result.txt
  1346	      7 VCONFKEY_SYSMAN_BAT_WARNING_LOW-result.txt
  1347	      7 VCONFKEY_TELEPHONY_PSTYPE_NONE-result.txt
  1348	      7 VCONFKEY_TELEPHONY_SVCTYPE_2G-result.txt
  1349	      7 VCONFKEY_WIFI_CONNECTED_AP_NAME-result.txt
  1350	      7 VCONFKEY_WIFI_QS_ENABLE-result.txt
  1351	      7 VCONFKEY_WIFI_UG_RUN_STATE_ON_FOREGROUND-result.txt
  1352	      7 VCONFKEY_WIFI_UNCONNECTED-result.txt
  1353	      8 VCONFKEY_ACCOUNT_MSG_STR-result.txt
  1354	      8 VCONFKEY_CALL_VOICE_CONNECTING-result.txt
  1355	      8 VCONFKEY_CAMERA_SHUTTER_SOUND_POLICY-result.txt
  1356	      8 VCONFKEY_CAMERA_STATE_RECORDING-result.txt
  1357	      8 VCONFKEY_CISSAPPL_AUTO_REDIAL_BOOL-result.txt
  1358	      8 VCONFKEY_CISSAPPL_AUTO_REJECT_ADD_NUMBERS_TO_MESSAGES-result.txt
  1359	      8 VCONFKEY_CISSAPPL_CALL_CONNECT_TONE_BOOL-result.txt
  1360	      8 VCONFKEY_CISSAPPL_CALL_END_TONE_BOOL-result.txt
  1361	      8 VCONFKEY_CISSAPPL_INCREASE_RINGTONE_BOOL-result.txt
  1362	      8 VCONFKEY_CISSAPPL_MINUTE_MINDER_BOOL-result.txt
  1363	      8 VCONFKEY_CISSAPPL_PERSONALISED_EQ_STR-result.txt
  1364	      8 VCONFKEY_CISSAPPL_SIM1_AUTO_REDIAL_BOOL-result.txt
  1365	      8 VCONFKEY_CISSAPPL_SIM1_PREFIX_DIAL_BOOL-result.txt
  1366	      8 VCONFKEY_CISSAPPL_SIM2_AUTO_REDIAL_BOOL-result.txt
  1367	      8 VCONFKEY_CISSAPPL_SIM2_PREFIX_DIAL_BOOL-result.txt
  1368	      8 VCONFKEY_CISSAPPL_VOICE_CONTROL_ENABLED_BOOL-result.txt
  1369	      8 VCONFKEY_DUALSIM_SELECT_BOTH_SIM-result.txt
  1370	      8 VCONFKEY_ISF_INPUT_PANEL_STATE-result.txt
  1371	      8 VCONFKEY_LOCKSCREEN_WALLPAPER_TYPE-result.txt
  1372	      8 VCONFKEY_MOBILE_HOTSPOT_MODE_BT-result.txt
  1373	      8 VCONFKEY_MOBILE_HOTSPOT_MODE_WIFI_AP-result.txt
  1374	      8 VCONFKEY_NETWORK_CELLULAR_ON-result.txt
  1375	      8 VCONFKEY_NETWORK_WIFI_PKT_LAST_RCV-result.txt
  1376	      8 VCONFKEY_NETWORK_WIFI_PKT_LAST_SNT-result.txt
  1377	      8 VCONFKEY_SCREEN_MIRRORING_CONNECTED-result.txt
  1378	      8 VCONFKEY_SETAPPL_BLOCKINGMODE_ALARM_AND_TIMER-result.txt
  1379	      8 VCONFKEY_SETAPPL_CHANGE_UI_THEME_INT-result.txt
  1380	      8 VCONFKEY_SETAPPL_MOBILE_DATA_OFF_REMINDER-result.txt
  1381	      8 VCONFKEY_SETAPPL_MOBILE_DATA_ON_REMINDER-result.txt
  1382	      8 VCONFKEY_SETAPPL_NETWORK_PERMIT_WITH_LCD_OFF_LIMIT-result.txt
  1383	      8 VCONFKEY_SETAPPL_NOTI_VIBRATION_LEVEL_INT-result.txt
  1384	      8 VCONFKEY_SETAPPL_SCREEN_CAPTURE_EDIT_AFTER_CAPTURE-result.txt
  1385	      8 VCONFKEY_SETAPPL_USE_TURN_OVER-result.txt
  1386	      8 VCONFKEY_SETAPPL_VIBRATE_WHEN_NOTIFICATION_BOOL-result.txt
  1387	      8 VCONFKEY_SYSMAN_BATTERY_LEVEL_STATUS-result.txt
  1388	      8 VCONFKEY_TELEPHONY_ALWAYS_ON_BOOL-result.txt
  1389	      8 VCONFKEY_TELEPHONY_CELLID-result.txt
  1390	      8 VCONFKEY_TELEPHONY_SIM_CARD_ERROR-result.txt
  1391	      8 VCONFKEY_TELEPHONY_SIM_NOT_PRESENT-result.txt
  1392	      8 VCONFKEY_TELEPHONY_SIM_SLOT_COUNT-result.txt
  1393	      8 VCONFKEY_USB_SEL_MODE-result.txt
  1394	      8 VCONFKEY_WIFI_STRENGTH_MAX-result.txt
  1395	      8 VCONFKEY_WMS_WAKEUP_BY_GESTURE_SETTING-result.txt
  1396	      9 VCONFKEY_BGSET-result.txt
  1397	      9 VCONFKEY_CAMERA_STATE_PREVIEW-result.txt
  1398	      9 VCONFKEY_CISSAPPL_NOISE_REDUCTION_BOOL-result.txt
  1399	      9 VCONFKEY_CISSAPPL_USER_CREATE_MSG2_STR-result.txt
  1400	      9 VCONFKEY_CISSAPPL_USER_CREATE_MSG3_STR-result.txt
  1401	      9 VCONFKEY_CISSAPPL_USER_CREATE_MSG4_STR-result.txt
  1402	      9 VCONFKEY_CISSAPPL_USER_CREATE_MSG5_STR-result.txt
  1403	      9 VCONFKEY_CISSAPPL_USER_CREATE_MSG6_STR-result.txt
  1404	      9 VCONFKEY_IDLE_LOCK_BGSET-result.txt
  1405	      9 VCONFKEY_RECORDER_STATE_RECORDING-result.txt
  1406	      9 VCONFKEY_SDE_CRYPTO_STATE-result.txt
  1407	      9 VCONFKEY_SETAPPL_ACCESSIBILITY_HIGH_CONTRAST-result.txt
  1408	      9 VCONFKEY_SETAPPL_BLOCKINGMODE_INCOMINGCALL-result.txt
  1409	      9 VCONFKEY_SETAPPL_DEFAULT_MEM_BLUETOOTH_INT-result.txt
  1410	      9 VCONFKEY_SETAPPL_HOMESCREEN_EASYMODE_BOOL-result.txt
  1411	      9 VCONFKEY_SETAPPL_LED_INDICATOR_VOICE_REC-result.txt
  1412	      9 VCONFKEY_SETAPPL_NOTI_MSG_ALERT_REP_TYPE_INT-result.txt
  1413	      9 VCONFKEY_SETAPPL_USE_PICK_UP_CALL-result.txt
  1414	      9 VCONFKEY_SETAPPL_WINDOW_FPS-result.txt
  1415	      9 VCONFKEY_SETAPPL_WINDOW_GRAYTONE-result.txt
  1416	      9 VCONFKEY_SYSMAN_HDMI-result.txt
  1417	      9 VCONFKEY_SYSMAN_LOW_MEMORY_NORMAL-result.txt
  1418	      9 VCONFKEY_SYSMAN_USB_AVAILABLE-result.txt
  1419	      9 VCONFKEY_TELEPHONY_LAC-result.txt
  1420	      9 VCONFKEY_TELEPHONY_SPN_NAME-result.txt
  1421	      9 VCONFKEY_WIFI_UG_RUN_STATE-result.txt
  1422	     10 VCONFKEY_CALL_NOISE_REDUCTION_STATE_BOOL-result.txt
  1423	     10 VCONFKEY_CISSAPPL_ANSWERING_KEY_BOOL-result.txt
  1424	     10 VCONFKEY_CISSAPPL_USER_CREATE_MSG1_STR-result.txt
  1425	     10 VCONFKEY_DUALSIM_SELECTED_SIM-result.txt
  1426	     10 VCONFKEY_LOCATION_REPLAY_ENABLED-result.txt
  1427	     10 VCONFKEY_MASTER_RESTART_COUNT-result.txt
  1428	     10 VCONFKEY_PM_BATTERY_TIMETOEMPTY-result.txt
  1429	     10 VCONFKEY_PM_BATTERY_TIMETOFULL-result.txt
  1430	     10 VCONFKEY_PM_LCDOFF_SOURCE-result.txt
  1431	     10 VCONFKEY_SETAPPL_AMBIENT_MODE_BOOL-result.txt
  1432	     10 VCONFKEY_SETAPPL_DYNAMIC_STATUS_BAR-result.txt
  1433	     10 VCONFKEY_SETAPPL_HOURLY_ALERT_BOOL-result.txt
  1434	     10 VCONFKEY_SETAPPL_OUTDOOR_MODE-result.txt
  1435	     10 VCONFKEY_SETAPPL_SCREENMODE_SELNAME-result.txt
  1436	     10 VCONFKEY_SETAPPL_STATE_DATA_ROAMING_BOOL-result.txt
  1437	     10 VCONFKEY_SETAPPL_USE_PICK_UP-result.txt
  1438	     10 VCONFKEY_SETUP_WIZARD_FIRST_BOOT-result.txt
  1439	     10 VCONFKEY_SETUP_WIZARD_STATE-result.txt
  1440	     10 VCONFKEY_SOUND_STATUS-result.txt
  1441	     10 VCONFKEY_SYSMAN_BAT_NORMAL-result.txt
  1442	     10 VCONFKEY_TELEPHONY_NITZ_ZONE-result.txt
  1443	     10 VCONFKEY_TELEPHONY_SS_CLI_STATE2-result.txt
  1444	     10 VCONFKEY_WIFI_STRENGTH-result.txt
  1445	     11 VCONFKEY_BT_LE_STATUS_OFF-result.txt
  1446	     11 VCONFKEY_CALL_VOICE_ACTIVE-result.txt
  1447	     11 VCONFKEY_CISSAPPL_ACCEPT_CALL_IN_DEVICE_SELECT_INT-result.txt
  1448	     11 VCONFKEY_CISSAPPL_REJECT_CALL_MSG_INT-result.txt
  1449	     11 VCONFKEY_MOBILE_HOTSPOT_MODE_NONE-result.txt
  1450	     11 VCONFKEY_MOBILE_HOTSPOT_MODE_USB-result.txt
  1451	     11 VCONFKEY_NETWORK_WIFI_STATE-result.txt
  1452	     11 VCONFKEY_PM_KEY_IGNORE-result.txt
  1453	     11 VCONFKEY_SETAPPL_SELECT_NETWORK_INT-result.txt
  1454	     11 VCONFKEY_SETAPPL_TOUCH_FEEDBACK_VIBRATION_LEVEL_INT-result.txt
  1455	     11 VCONFKEY_SYSMAN_CHARGER_CONNECTED-result.txt
  1456	     11 VCONFKEY_SYSMAN_USB_DISCONNECTED-result.txt
  1457	     11 VCONFKEY_TELEPHONY_NITZ_EVENT_GMT-result.txt
  1458	     11 VCONFKEY_TELEPHONY_NITZ_GMT-result.txt
  1459	     11 VCONFKEY_TELEPHONY_RSSI-result.txt
  1460	     12 VCONFKEY_CISSAPPL_IN_CALL_SOUND_EQ_INT-result.txt
  1461	     12 VCONFKEY_LOCATION_GPS_STATE-result.txt
  1462	     12 VCONFKEY_NFC_PREDEFINED_ITEM_STATE-result.txt
  1463	     12 VCONFKEY_QUICKSETTING_MULTIWINDOW_ENABLED-result.txt
  1464	     12 VCONFKEY_SETAPPL_ACCESSIBILITY_FONT_NAME-result.txt
  1465	     12 VCONFKEY_SETAPPL_BLOCKINGMODE_LED_INDICATOR-result.txt
  1466	     12 VCONFKEY_SETAPPL_CALL_VIBRATION_PATTERN_STR-result.txt
  1467	     12 VCONFKEY_SETAPPL_HAPTIC_FEEDBACK_STATUS_BOOL-result.txt
  1468	     12 VCONFKEY_SETAPPL_LED_INDICATOR_CHARGING-result.txt
  1469	     12 VCONFKEY_SETAPPL_LED_INDICATOR_LOW_BATT-result.txt
  1470	     12 VCONFKEY_STARTER_USE_VOLUME_KEY-result.txt
  1471	     12 VCONFKEY_TELEPHONY_SIM_STATUS-result.txt
  1472	     13 VCONFKEY_CISSAPPL_ANSWERING_MODE_INT-result.txt
  1473	     13 VCONFKEY_CISSAPPL_ANSWERING_MODE_TIME_INT-result.txt
  1474	     13 VCONFKEY_CISSAPPL_OUTGOING_CALL_CONDITIONS_INT-result.txt
  1475	     13 VCONFKEY_DNET_OFF-result.txt
  1476	     13 VCONFKEY_FILEMANAGER_DB_STATUS-result.txt
  1477	     13 VCONFKEY_NFC_SBEAM-result.txt
  1478	     13 VCONFKEY_SETAPPL_BLOCKINGMODE_NOTIFICATIONS-result.txt
  1479	     13 VCONFKEY_SETAPPL_LCD_AUTOMATIC_BRIGHTNESS-result.txt
  1480	     13 VCONFKEY_SETAPPL_PERSONAL_MODE_UNLOCK_METHOD_INT-result.txt
  1481	     13 VCONFKEY_TELEPHONY_SS_CLI_STATE-result.txt
  1482	     13 VCONFKEY_TIME_FORMAT_24-result.txt
  1483	     14 VCONFKEY_BT_LE_STATUS-result.txt
  1484	     14 VCONFKEY_CALL_EXTRA_VOLUME_STATE_BOOL-result.txt
  1485	     14 VCONFKEY_CISSAPPL_OUTGOING_CALL_TYPE_INT-result.txt
  1486	     14 VCONFKEY_CISSAPPL_PROXIMITY_SENSOR_BOOL-result.txt
  1487	     14 VCONFKEY_NFC_WALLET_MODE-result.txt
  1488	     14 VCONFKEY_ODE_CRYPTO_STATE-result.txt
  1489	     14 VCONFKEY_SETAPPL_BLOCKINGMODE_BLOCKINGMODE-result.txt
  1490	     14 VCONFKEY_SETAPPL_PWRSV_CUSTMODE_CPU-result.txt
  1491	     14 VCONFKEY_STARTER_SEQUENCE-result.txt
  1492	     15 VCONFKEY_CISSAPPL_AUTO_REJECT_INT-result.txt
  1493	     15 VCONFKEY_CISSAPPL_AUTO_REJECT_UNKNOWN_BOOL-result.txt
  1494	     15 VCONFKEY_NETWORK_CONFIGURATION_CHANGE_IND-result.txt
  1495	     15 VCONFKEY_NETWORK_IP-result.txt
  1496	     15 VCONFKEY_NFC_SE_TYPE-result.txt
  1497	     15 VCONFKEY_SETAPPL_ACCESSIBILITY_TURN_OFF_ALL_SOUNDS-result.txt
  1498	     15 VCONFKEY_SETAPPL_TIMEZONE_INT-result.txt
  1499	     15 VCONFKEY_SYSMAN_BAT_CRITICAL_LOW-result.txt
  1500	     15 VCONFKEY_SYSMAN_BAT_POWER_OFF-result.txt
  1501	     15 VCONFKEY_SYSMAN_LOW_MEMORY_SOFT_WARNING-result.txt
  1502	     15 VCONFKEY_TELEPHONY_PSTYPE-result.txt
  1503	     15 VCONFKEY_WIFI_ENABLE_QS-result.txt
  1504	     16 VCONFKEY_BOOT_ANIMATION_FINISHED-result.txt
  1505	     16 VCONFKEY_SETAPPL_LCD_AUTO_DISPLAY_ADJUSTMENT-result.txt
  1506	     16 VCONFKEY_TELEPHONY_PLMN-result.txt
  1507	     16 VCONFKEY_TELEPHONY_SPN_DISP_CONDITION-result.txt
  1508	     17 VCONFKEY_CISSAPPL_ALERT_ON_CALL_INT-result.txt
  1509	     17 VCONFKEY_MOBILE_HOTSPOT_MODE_WIFI-result.txt
  1510	     17 VCONFKEY_SCREEN_MIRRORING_STATE-result.txt
  1511	     17 VCONFKEY_SETAPPL_LED_INDICATOR_NOTIFICATIONS-result.txt
  1512	     17 VCONFKEY_SETAPPL_SIM1_NAME-result.txt
  1513	     17 VCONFKEY_SETAPPL_SIM2_NAME-result.txt
  1514	     17 VCONFKEY_SETAPPL_TOUCH_SOUNDS_BOOL-result.txt
  1515	     17 VCONFKEY_TELEPHONY_NWNAME-result.txt
  1516	     17 VCONFKEY_TELEPHONY_TAPI_STATE-result.txt
  1517	     18 VCONFKEY_CISSAPPL_POWER_KEY_ENDS_CALL_BOOL-result.txt
  1518	     18 VCONFKEY_NETWORK_OFF-result.txt
  1519	     18 VCONFKEY_SETAPPL_ACCESSIBILITY_TORCH_LIGHT-result.txt
  1520	     18 VCONFKEY_SETAPPL_DATE_FORMAT_INT-result.txt
  1521	     18 VCONFKEY_SETAPPL_TOUCHKEY_LIGHT_DURATION-result.txt
  1522	     18 VCONFKEY_SYSMAN_POWER_OFF_RESTART-result.txt
  1523	     19 VCONFKEY_PM_STATE_NORMAL-result.txt
  1524	     19 VCONFKEY_SETAPPL_BUTTON_SOUNDS_BOOL-result.txt
  1525	     19 VCONFKEY_SYSMAN_EARJACK-result.txt
  1526	     20 VCONFKEY_DNET_STATE2-result.txt
  1527	     20 VCONFKEY_NETWORK_CELLULAR_STATE-result.txt
  1528	     20 VCONFKEY_SETAPPL_MOTION_ACTIVATION-result.txt
  1529	     20 VCONFKEY_SETAPPL_SMARTSCREEN_SMART_ROTATION-result.txt
  1530	     20 VCONFKEY_SETAPPL_SOUND_LOCK_BOOL-result.txt
  1531	     20 VCONFKEY_SETAPPL_USB_DEBUG_MODE_BOOL-result.txt
  1532	     20 VCONFKEY_SYSMAN_POWER_OFF_DIRECT-result.txt
  1533	     20 VCONFKEY_TELEPHONY_SVCTYPE-result.txt
  1534	     21 VCONFKEY_SETAPPL_NETWORK_RESTRICT_MODE-result.txt
  1535	     21 VCONFKEY_SETAPPL_SMARTSCREEN_SMARTSTAY_STATUS-result.txt
  1536	     21 VCONFKEY_SETAPPL_TIMEZONE_ID-result.txt
  1537	     21 VCONFKEY_SETAPPL_VIBRATE_WHEN_RINGING_BOOL-result.txt
  1538	     21 VCONFKEY_TIME_FORMAT_12-result.txt
  1539	     22 VCONFKEY_3G_ENABLE-result.txt
  1540	     22 VCONFKEY_BT_DEVICE-result.txt
  1541	     22 VCONFKEY_SETAPPL_LCD_TIMEOUT_NORMAL-result.txt
  1542	     23 VCONFKEY_NETWORK_PROXY-result.txt
  1543	     23 VCONFKEY_SETAPPL_BATTERY_PERCENTAGE_BOOL-result.txt
  1544	     23 VCONFKEY_SETAPPL_SELECTED_PACKAGE_NAME-result.txt
  1545	     23 VCONFKEY_SYSMAN_USB_STATUS-result.txt
  1546	     24 VCONFKEY_SETAPPL_ACCESSIBILITY_FONT_SIZE-result.txt
  1547	     25 VCONFKEY_SETAPPL_3RD_LOCK_PKG_NAME_STR-result.txt
  1548	     25 VCONFKEY_SETAPPL_NOTI_MSG_RINGTONE_PATH_STR-result.txt
  1549	     25 VCONFKEY_TELEPHONY_SIM_SLOT2-result.txt
  1550	     26 VCONFKEY_SETAPPL_SIM1_ICON-result.txt
  1551	     26 VCONFKEY_SETAPPL_SIM2_ICON-result.txt
  1552	     26 VCONFKEY_SYSMAN_CHARGER_STATUS-result.txt
  1553	     26 VCONFKEY_SYSTEM_TIME_CHANGED-result.txt
  1554	     27 VCONFKEY_RECORDER_STATE-result.txt
  1555	     29 VCONFKEY_MOBILE_HOTSPOT_MODE-result.txt
  1556	     29 VCONFKEY_MSG_SERVER_READY-result.txt
  1557	     29 VCONFKEY_WIFI_OFF-result.txt
  1558	     30 VCONFKEY_LOCATION_NETWORK_ENABLED-result.txt
  1559	     30 VCONFKEY_SETAPPL_PERSONAL_MODE_STATUS_BOOL-result.txt
  1560	     31 VCONFKEY_REGIONFORMAT_TIME1224-result.txt
  1561	     31 VCONFKEY_SETAPPL_USB_MODE_INT-result.txt
  1562	     32 VCONFKEY_DNET_STATE-result.txt
  1563	     32 VCONFKEY_NETWORK_STATUS-result.txt
  1564	     32 VCONFKEY_TELEPHONY_SIM_UNKNOWN-result.txt
  1565	     33 VCONFKEY_SYSMAN_BATTERY_CHARGE_NOW-result.txt
  1566	     34 VCONFKEY_NFC_STATE-result.txt
  1567	     35 VCONFKEY_SYSMAN_BATTERY_CAPACITY-result.txt
  1568	     35 VCONFKEY_TELEPHONY_READY-result.txt
  1569	     36 VCONFKEY_SETAPPL_CALL_RINGTONE_PATH_STR-result.txt
  1570	     36 VCONFKEY_TELEPHONY_SVC_ROAM-result.txt
  1571	     37 VCONFKEY_CALL_OFF-result.txt
  1572	     37 VCONFKEY_PM_STATE_LCDOFF-result.txt
  1573	     37 VCONFKEY_SETAPPL_LCD_BRIGHTNESS-result.txt
  1574	     38 VCONFKEY_CAMERA_STATE-result.txt
  1575	     39 VCONFKEY_LOCATION_USE_MY_LOCATION-result.txt
  1576	     40 VCONFKEY_SYSMAN_POWER_OFF_STATUS-result.txt
  1577	     41 VCONFKEY_SETAPPL_PREFIX-result.txt
  1578	     42 VCONFKEY_TELEPHONY_SIM_INSERTED-result.txt
  1579	     44 VCONFKEY_SETAPPL_ACCESSIBILITY_TTS-result.txt
  1580	     44 VCONFKEY_WIFI_STATE-result.txt
  1581	     45 VCONFKEY_SETAPPL_BRIGHTNESS_AUTOMATIC_INT-result.txt
  1582	     45 VCONFKEY_SYSMAN_LOW_MEMORY-result.txt
  1583	     46 VCONFKEY_SETAPPL_VIBRATION_STATUS_BOOL-result.txt
  1584	     48 VCONFKEY_CALL_STATE-result.txt
  1585	     48 VCONFKEY_MASTER_STARTED-result.txt
  1586	     48 VCONFKEY_TELEPHONY_SIM_SLOT-result.txt
  1587	     49 VCONFKEY_REGIONFORMAT-result.txt
  1588	     51 VCONFKEY_SYSMAN_BATTERY_STATUS_LOW-result.txt
  1589	     57 VCONFKEY_SETAPPL_DEVICE_NAME_STR-result.txt
  1590	     64 VCONFKEY_SETAPPL_AUTO_ROTATE_SCREEN_BOOL-result.txt
  1591	     69 VCONFKEY_SETAPPL_SOUND_STATUS_BOOL-result.txt
  1592	     73 VCONFKEY_SETAPPL_SCREEN_LOCK_TYPE_INT-result.txt
  1593	     74 VCONFKEY_PM_STATE-result.txt
  1594	     79 VCONFKEY_LOCATION_ENABLED-result.txt
  1595	     87 VCONFKEY_TELEPHONY_FLIGHT_MODE-result.txt
  1596	     95 VCONFKEY_SETAPPL_PSMODE-result.txt
  1597	    176 VCONFKEY_LANGSET-result.txt
